[   +7 ms] executing: sysctl hw.optional.arm64
[   +3 ms] Exit code 0 from: sysctl hw.optional.arm64
[        ] hw.optional.arm64: 1
[        ] executing: [/Users/gaetan/fvm/versions/stable/] git -c log.showSignature=false log -n 1 --pretty=format:%H
[  +10 ms] Exit code 0 from: git -c log.showSignature=false log -n 1 --pretty=format:%H
[        ] 2ad6cd72c040113b47ee9055e722606a490ef0da
[        ] executing: [/Users/gaetan/fvm/versions/stable/] git tag --points-at 2ad6cd72c040113b47ee9055e722606a490ef0da
[  +15 ms] Exit code 0 from: git tag --points-at 2ad6cd72c040113b47ee9055e722606a490ef0da
[        ] 3.7.7
[   +5 ms] executing: [/Users/gaetan/fvm/versions/stable/] git rev-parse --abbrev-ref --symbolic @{upstream}
[   +9 ms] Exit code 0 from: git rev-parse --abbrev-ref --symbolic @{upstream}
[        ] origin/stable
[        ] executing: [/Users/gaetan/fvm/versions/stable/] git ls-remote --get-url origin
[   +9 ms] Exit code 0 from: git ls-remote --get-url origin
[        ] https://github.com/flutter/flutter.git
[  +13 ms] executing: [/Users/gaetan/fvm/versions/stable/] git rev-parse --abbrev-ref HEAD
[  +10 ms] Exit code 0 from: git rev-parse --abbrev-ref HEAD
[        ] stable
[        ] executing: sw_vers -productName
[   +9 ms] Exit code 0 from: sw_vers -productName
[        ] macOS
[        ] executing: sw_vers -productVersion
[   +7 ms] Exit code 0 from: sw_vers -productVersion
[        ] 13.2.1
[        ] executing: sw_vers -buildVersion
[   +7 ms] Exit code 0 from: sw_vers -buildVersion
[        ] 22D68
[        ] executing: uname -m
[   +2 ms] Exit code 0 from: uname -m
[        ] arm64
[  +13 ms] Artifact Instance of 'AndroidGenSnapshotArtifacts' is not required, skipping update.
[        ] Artifact Instance of 'AndroidInternalBuildArtifacts' is not required, skipping update.
[        ] Artifact Instance of 'IOSEngineArtifacts' is not required, skipping update.
[        ] Artifact Instance of 'FlutterWebSdk' is not required, skipping update.
[        ] Artifact Instance of 'WindowsEngineArtifacts' is not required, skipping update.
[        ] Artifact Instance of 'MacOSEngineArtifacts' is not required, skipping update.
[        ] Artifact Instance of 'LinuxEngineArtifacts' is not required, skipping update.
[        ] Artifact Instance of 'LinuxFuchsiaSDKArtifacts' is not required, skipping update.
[        ] Artifact Instance of 'MacOSFuchsiaSDKArtifacts' is not required, skipping update.
[        ] Artifact Instance of 'FlutterRunnerSDKArtifacts' is not required, skipping update.
[        ] Artifact Instance of 'FlutterRunnerDebugSymbols' is not required, skipping update.
[  +17 ms] Artifact Instance of 'AndroidGenSnapshotArtifacts' is not required, skipping update.
[        ] Artifact Instance of 'AndroidInternalBuildArtifacts' is not required, skipping update.
[        ] Artifact Instance of 'IOSEngineArtifacts' is not required, skipping update.
[        ] Artifact Instance of 'FlutterWebSdk' is not required, skipping update.
[   +2 ms] Artifact Instance of 'WindowsEngineArtifacts' is not required, skipping update.
[   +1 ms] Artifact Instance of 'LinuxEngineArtifacts' is not required, skipping update.
[        ] Artifact Instance of 'LinuxFuchsiaSDKArtifacts' is not required, skipping update.
[        ] Artifact Instance of 'MacOSFuchsiaSDKArtifacts' is not required, skipping update.
[        ] Artifact Instance of 'FlutterRunnerSDKArtifacts' is not required, skipping update.
[        ] Artifact Instance of 'FlutterRunnerDebugSymbols' is not required, skipping update.
[  +27 ms] executing: sysctl hw.optional.arm64
[   +3 ms] Exit code 0 from: sysctl hw.optional.arm64
[        ] hw.optional.arm64: 1
[        ] executing: /usr/bin/arch -arm64e xcrun xcodebuild -version
[  +97 ms] Exit code 0 from: /usr/bin/arch -arm64e xcrun xcodebuild -version
[        ] Xcode 14.2
           Build version 14C18
[  +22 ms] Skipping pub get: version match.
[   +6 ms] Found plugin device_calendar at /Users/gaetan/.pub-cache/git/device_calendar-7453c642713a517386e46b45e76cf837721af549/
[  +18 ms] Found plugin device_calendar at /Users/gaetan/.pub-cache/git/device_calendar-7453c642713a517386e46b45e76cf837721af549/
[  +14 ms] Found plugin device_calendar at /Users/gaetan/.pub-cache/git/device_calendar-7453c642713a517386e46b45e76cf837721af549/
[  +34 ms] Generating /Users/gaetan/dev/macos_sandbox_bug/android/app/src/main/java/io/flutter/plugins/GeneratedPluginRegistrant.java
[  +40 ms] Initializing file store
[   +4 ms] Skipping target: gen_localizations
[   +1 ms] gen_dart_plugin_registrant: Starting due to {InvalidatedReasonKind.inputChanged: The following inputs have updated contents: /Users/gaetan/dev/macos_sandbox_bug/.dart_tool/package_config_subset}
[   +2 ms] Found plugin device_calendar at /Users/gaetan/.pub-cache/git/device_calendar-7453c642713a517386e46b45e76cf837721af549/
[   +7 ms] gen_dart_plugin_registrant: Complete
[        ] Skipping target: _composite
[        ] complete
[   +2 ms] Launching lib/main.dart on macOS in debug mode...
[   +1 ms] /Users/gaetan/fvm/versions/stable/bin/cache/dart-sdk/bin/dart --disable-dart-dev /Users/gaetan/fvm/versions/stable/bin/cache/dart-sdk/bin/snapshots/frontend_server.dart.snapshot --sdk-root /Users/gaetan/fvm/versions/stable/bin/cache/artifacts/engine/common/flutter_patched_sdk/ --incremental --target=flutter --experimental-emit-debug-metadata -DFLUTTER_WEB_AUTO_DETECT=true --output-dill /var/folders/08/3vvx__9d4jv19m03yxt25pkm0000gn/T/flutter_tools.hPmY51/flutter_tool.5KEEpp/app.dill --packages /Users/gaetan/dev/macos_sandbox_bug/.dart_tool/package_config.json -Ddart.vm.profile=false -Ddart.vm.product=false --enable-asserts --track-widget-creation --filesystem-scheme org-dartlang-root --initialize-from-dill build/c075001b96339384a97db4862b8ab8db.cache.dill.track.dill --verbosity=error --enable-experiment=alternative-invalidation-strategy
[  +22 ms] Found plugin device_calendar at /Users/gaetan/.pub-cache/git/device_calendar-7453c642713a517386e46b45e76cf837721af549/
[  +10 ms] executing: [/Users/gaetan/dev/macos_sandbox_bug/macos/] /usr/bin/arch -arm64e xcrun xcodebuild -list -project Runner.xcodeproj
[   +8 ms] <- compile package:macos_sandbox_bug/main.dart
[ +762 ms] Command line invocation:
               /Applications/Xcode-14.2.0-release-candidate.app/Contents/Developer/usr/bin/xcodebuild -list -project Runner.xcodeproj

           User defaults from command line:
               IDEPackageSupportUseBuiltinSCM = YES

           Information about project "Runner":
               Targets:
                   Runner
                   Flutter Assemble

               Build Configurations:
                   Debug
                   Release
                   Profile

               If no build configuration is specified and -scheme is not passed then "Release" is used.

               Schemes:
                   Flutter Assemble
                   Runner
[   +1 ms] Building macOS application...
[        ] executing: /usr/bin/env xcrun xcodebuild -workspace /Users/gaetan/dev/macos_sandbox_bug/macos/Runner.xcworkspace -configuration Debug -scheme Runner -derivedDataPath /Users/gaetan/dev/macos_sandbox_bug/build/macos -destination platform=macOS OBJROOT=/Users/gaetan/dev/macos_sandbox_bug/build/macos/Build/Intermediates.noindex SYMROOT=/Users/gaetan/dev/macos_sandbox_bug/build/macos/Build/Products VERBOSE_SCRIPT_LOGGING=YES COMPILER_INDEX_STORE_ENABLE=NO
[ +322 ms] Command line invocation:
[        ]     /Applications/Xcode-14.2.0-release-candidate.app/Contents/Developer/usr/bin/xcodebuild -workspace /Users/gaetan/dev/macos_sandbox_bug/macos/Runner.xcworkspace -configuration Debug -scheme Runner -derivedDataPath /Users/gaetan/dev/macos_sandbox_bug/build/macos -destination platform=macOS OBJROOT=/Users/gaetan/dev/macos_sandbox_bug/build/macos/Build/Intermediates.noindex SYMROOT=/Users/gaetan/dev/macos_sandbox_bug/build/macos/Build/Products VERBOSE_SCRIPT_LOGGING=YES COMPILER_INDEX_STORE_ENABLE=NO
[        ] User defaults from command line:
[        ]     IDEDerivedDataPathOverride = /Users/gaetan/dev/macos_sandbox_bug/build/macos
[        ]     IDEPackageSupportUseBuiltinSCM = YES
[        ] Build settings from command line:
[        ]     COMPILER_INDEX_STORE_ENABLE = NO
[        ]     OBJROOT = /Users/gaetan/dev/macos_sandbox_bug/build/macos/Build/Intermediates.noindex
[        ]     SYMROOT = /Users/gaetan/dev/macos_sandbox_bug/build/macos/Build/Products
[        ]     VERBOSE_SCRIPT_LOGGING = YES
[   +6 ms] Prepare packages
[  +14 ms] Computing target dependency graph and provisioning inputs
[  +47 ms] Create build description
[ +103 ms] Build description signature: f208f126be511259cc863f15ddd8d197
[        ] Build description path: /Users/gaetan/dev/macos_sandbox_bug/build/macos/Build/Intermediates.noindex/XCBuildData/f208f126be511259cc863f15ddd8d197-desc.xcbuild
[  +18 ms] note: Building targets in dependency order
[  +29 ms] warning: Stale file '/Users/gaetan/Library/Developer/Xcode/DerivedData/Runner-hdjfgndutvpdeeejpndhtvpxzxog/Build/Products/Debug/App.framework/Versions/A/App' is located outside of the allowed root paths.
[        ] warning: Stale file '/Users/gaetan/Library/Developer/Xcode/DerivedData/Runner-hdjfgndutvpdeeejpndhtvpxzxog/Build/Products/Debug/App.framework/Versions/A/Resources/Info.plist' is located outside of the allowed root paths.
[        ] warning: Stale file '/Users/gaetan/Library/Developer/Xcode/DerivedData/Runner-hdjfgndutvpdeeejpndhtvpxzxog/Build/Products/Debug/App.framework/Versions/A/Resources/flutter_assets/AssetManifest.json' is located outside of the allowed root paths.
[        ] warning: Stale file '/Users/gaetan/Library/Developer/Xcode/DerivedData/Runner-hdjfgndutvpdeeejpndhtvpxzxog/Build/Products/Debug/App.framework/Versions/A/Resources/flutter_assets/FontManifest.json' is located outside of the allowed root paths.
[        ] warning: Stale file '/Users/gaetan/Library/Developer/Xcode/DerivedData/Runner-hdjfgndutvpdeeejpndhtvpxzxog/Build/Products/Debug/App.framework/Versions/A/Resources/flutter_assets/NOTICES.Z' is located outside of the allowed root paths.
[        ] warning: Stale file '/Users/gaetan/Library/Developer/Xcode/DerivedData/Runner-hdjfgndutvpdeeejpndhtvpxzxog/Build/Products/Debug/App.framework/Versions/A/Resources/flutter_assets/fonts/MaterialIcons-Regular.otf' is located outside of the allowed root paths.
[        ] warning: Stale file '/Users/gaetan/Library/Developer/Xcode/DerivedData/Runner-hdjfgndutvpdeeejpndhtvpxzxog/Build/Products/Debug/App.framework/Versions/A/Resources/flutter_assets/isolate_snapshot_data' is located outside of the allowed root paths.
[        ] warning: Stale file '/Users/gaetan/Library/Developer/Xcode/DerivedData/Runner-hdjfgndutvpdeeejpndhtvpxzxog/Build/Products/Debug/App.framework/Versions/A/Resources/flutter_assets/kernel_blob.bin' is located outside of the allowed root paths.
[        ] warning: Stale file '/Users/gaetan/Library/Developer/Xcode/DerivedData/Runner-hdjfgndutvpdeeejpndhtvpxzxog/Build/Products/Debug/App.framework/Versions/A/Resources/flutter_assets/packages/cupertino_icons/assets/CupertinoIcons.ttf' is located outside of the allowed root paths.
[        ] warning: Stale file '/Users/gaetan/Library/Developer/Xcode/DerivedData/Runner-hdjfgndutvpdeeejpndhtvpxzxog/Build/Products/Debug/App.framework/Versions/A/Resources/flutter_assets/shaders/ink_sparkle.frag' is located outside of the allowed root paths.
[        ] warning: Stale file '/Users/gaetan/Library/Developer/Xcode/DerivedData/Runner-hdjfgndutvpdeeejpndhtvpxzxog/Build/Products/Debug/App.framework/Versions/A/Resources/flutter_assets/vm_snapshot_data' is located outside of the allowed root paths.
[        ] warning: Stale file '/Users/gaetan/Library/Developer/Xcode/DerivedData/Runner-hdjfgndutvpdeeejpndhtvpxzxog/Build/Products/Debug/FlutterMacOS.framework/Versions/A/FlutterMacOS' is located outside of the allowed root paths.
[   +1 ms] WriteAuxiliaryFile /Users/gaetan/dev/macos_sandbox_bug/build/macos/Build/Intermediates.noindex/Runner.build/Debug/Flutter\ Assemble.build/OutputFileList-33CC111E2044C6BF0003C045-FlutterOutputs-f4a5e7fb5db8678f1ad860a943954d22-resolved.xcfilelist (in target 'Flutter Assemble' from project 'Runner')
[        ]     cd /Users/gaetan/dev/macos_sandbox_bug/macos
[        ]     write-file /Users/gaetan/dev/macos_sandbox_bug/build/macos/Build/Intermediates.noindex/Runner.build/Debug/Flutter\ Assemble.build/OutputFileList-33CC111E2044C6BF0003C045-FlutterOutputs-f4a5e7fb5db8678f1ad860a943954d22-resolved.xcfilelist
[   +3 ms] PhaseScriptExecution Run\ Script /Users/gaetan/dev/macos_sandbox_bug/build/macos/Build/Intermediates.noindex/Runner.build/Debug/Flutter\ Assemble.build/Script-33CC111E2044C6BF0003C045.sh (in target 'Flutter Assemble' from project 'Runner')
[        ]     cd /Users/gaetan/dev/macos_sandbox_bug/macos
[        ]     export ACTION\=build
[        ]     export AD_HOC_CODE_SIGNING_ALLOWED\=YES
[        ]     export ALLOW_TARGET_PLATFORM_SPECIALIZATION\=NO
[        ]     export ALTERNATE_GROUP\=staff
[        ]     export ALTERNATE_MODE\=u+w,go-w,a+rX
[        ]     export ALTERNATE_OWNER\=gaetan
[        ]     export ALWAYS_EMBED_SWIFT_STANDARD_LIBRARIES\=YES
[        ]     export ALWAYS_SEARCH_USER_PATHS\=NO
[        ]     export ALWAYS_USE_SEPARATE_HEADERMAPS\=NO
[        ]     export APPLE_INTERNAL_DEVELOPER_DIR\=/AppleInternal/Developer
[        ]     export APPLE_INTERNAL_DIR\=/AppleInternal
[        ]     export APPLE_INTERNAL_DOCUMENTATION_DIR\=/AppleInternal/Documentation
[        ]     export APPLE_INTERNAL_LIBRARY_DIR\=/AppleInternal/Library
[        ]     export APPLE_INTERNAL_TOOLS\=/AppleInternal/Developer/Tools
[        ]     export APPLICATION_EXTENSION_API_ONLY\=NO
[        ]     export APPLY_RULES_IN_COPY_FILES\=NO
[        ]     export APPLY_RULES_IN_COPY_HEADERS\=NO
[        ]     export ARCHS\=arm64
[        ]     export ARCHS_STANDARD\=arm64\ x86_64
[        ]     export ARCHS_STANDARD_32_64_BIT\=arm64\ x86_64\ i386
[        ]     export ARCHS_STANDARD_32_BIT\=i386
[        ]     export ARCHS_STANDARD_64_BIT\=arm64\ x86_64
[        ]     export ARCHS_STANDARD_INCLUDING_64_BIT\=arm64\ x86_64
[        ]     export AVAILABLE_PLATFORMS\=appletvos\ appletvsimulator\ driverkit\ iphoneos\ iphonesimulator\ macosx\ watchos\ watchsimulator
[        ]     export BITCODE_GENERATION_MODE\=marker
[        ]     export BUILD_ACTIVE_RESOURCES_ONLY\=NO
[        ]     export BUILD_COMPONENTS\=headers\ build
[        ]     export BUILD_DIR\=/Users/gaetan/dev/macos_sandbox_bug/build/macos/Build/Products
[        ]     export BUILD_LIBRARY_FOR_DISTRIBUTION\=NO
[        ]     export BUILD_ROOT\=/Users/gaetan/dev/macos_sandbox_bug/build/macos/Build/Products
[        ]     export BUILD_STYLE\=
[        ]     export BUILD_VARIANTS\=normal
[        ]     export BUILT_PRODUCTS_DIR\=/Users/gaetan/dev/macos_sandbox_bug/build/macos/Build/Products/Debug
[        ]     export BUNDLE_CONTENTS_FOLDER_PATH\=Contents/
[        ]     export BUNDLE_CONTENTS_FOLDER_PATH_deep\=Contents/
[        ]     export BUNDLE_EXECUTABLE_FOLDER_NAME_deep\=MacOS
[        ]     export BUNDLE_EXECUTABLE_FOLDER_PATH\=Contents/MacOS
[        ]     export BUNDLE_EXTENSIONS_FOLDER_PATH\=Contents/Extensions
[        ]     export BUNDLE_FORMAT\=deep
[        ]     export BUNDLE_FRAMEWORKS_FOLDER_PATH\=Contents/Frameworks
[        ]     export BUNDLE_PLUGINS_FOLDER_PATH\=Contents/PlugIns
[        ]     export BUNDLE_PRIVATE_HEADERS_FOLDER_PATH\=Contents/PrivateHeaders
[        ]     export BUNDLE_PUBLIC_HEADERS_FOLDER_PATH\=Contents/Headers
[        ]     export CACHE_ROOT\=/var/folders/08/3vvx__9d4jv19m03yxt25pkm0000gn/C/com.apple.DeveloperTools/14.2-14C18/Xcode
[        ]     export CCHROOT\=/var/folders/08/3vvx__9d4jv19m03yxt25pkm0000gn/C/com.apple.DeveloperTools/14.2-14C18/Xcode
[        ]     export CHMOD\=/bin/chmod
[        ]     export CHOWN\=/usr/sbin/chown
[        ]     export CLANG_ANALYZER_NONNULL\=YES
[        ]     export CLANG_ANALYZER_NUMBER_OBJECT_CONVERSION\=YES_AGGRESSIVE
[        ]     export CLANG_CXX_LANGUAGE_STANDARD\=gnu++14
[        ]     export CLANG_CXX_LIBRARY\=libc++
[        ]     export CLANG_ENABLE_MODULES\=YES
[        ]     export CLANG_ENABLE_OBJC_ARC\=YES
[        ]     export CLANG_MODULES_BUILD_SESSION_FILE\=/Users/gaetan/dev/macos_sandbox_bug/build/macos/ModuleCache.noindex/Session.modulevalidation
[        ]     export CLANG_UNDEFINED_BEHAVIOR_SANITIZER_NULLABILITY\=YES
[        ]     export CLANG_WARN_BLOCK_CAPTURE_AUTORELEASING\=YES
[        ]     export CLANG_WARN_BOOL_CONVERSION\=YES
[        ]     export CLANG_WARN_COMMA\=YES
[        ]     export CLANG_WARN_CONSTANT_CONVERSION\=YES
[        ]     export CLANG_WARN_DEPRECATED_OBJC_IMPLEMENTATIONS\=YES
[        ]     export CLANG_WARN_DIRECT_OBJC_ISA_USAGE\=YES_ERROR
[        ]     export CLANG_WARN_DOCUMENTATION_COMMENTS\=YES
[        ]     export CLANG_WARN_EMPTY_BODY\=YES
[        ]     export CLANG_WARN_ENUM_CONVERSION\=YES
[        ]     export CLANG_WARN_INFINITE_RECURSION\=YES
[        ]     export CLANG_WARN_INT_CONVERSION\=YES
[        ]     export CLANG_WARN_NON_LITERAL_NULL_CONVERSION\=YES
[        ]     export CLANG_WARN_OBJC_IMPLICIT_RETAIN_SELF\=YES
[        ]     export CLANG_WARN_OBJC_LITERAL_CONVERSION\=YES
[        ]     export CLANG_WARN_OBJC_REPEATED_USE_OF_WEAK\=YES
[        ]     export CLANG_WARN_OBJC_ROOT_CLASS\=YES_ERROR
[        ]     export CLANG_WARN_PRAGMA_PACK\=YES
[        ]     export CLANG_WARN_QUOTED_INCLUDE_IN_FRAMEWORK_HEADER\=NO
[        ]     export CLANG_WARN_RANGE_LOOP_ANALYSIS\=YES
[        ]     export CLANG_WARN_STRICT_PROTOTYPES\=YES
[        ]     export CLANG_WARN_SUSPICIOUS_MOVE\=YES
[        ]     export CLANG_WARN_UNGUARDED_AVAILABILITY\=YES_AGGRESSIVE
[        ]     export CLANG_WARN_UNREACHABLE_CODE\=YES
[        ]     export CLANG_WARN__DUPLICATE_METHOD_MATCH\=YES
[        ]     export CLASS_FILE_DIR\=/Users/gaetan/dev/macos_sandbox_bug/build/macos/Build/Intermediates.noindex/Runner.build/Debug/Flutter\ Assemble.build/JavaClasses
[        ]     export CLEAN_PRECOMPS\=YES
[        ]     export CLONE_HEADERS\=NO
[        ]     export COCOAPODS_PARALLEL_CODE_SIGN\=true
[        ]     export CODESIGNING_FOLDER_PATH\=/Users/gaetan/dev/macos_sandbox_bug/build/macos/Build/Products/Debug/
[        ]     export CODE_SIGNING_ALLOWED\=NO
[        ]     export CODE_SIGNING_REQUIRED\=YES
[        ]     export CODE_SIGN_IDENTITY\=-
[        ]     export CODE_SIGN_IDENTITY_NO\=Apple\ Development
[        ]     export CODE_SIGN_IDENTITY_YES\=-
[        ]     export CODE_SIGN_INJECT_BASE_ENTITLEMENTS\=YES
[        ]     export CODE_SIGN_STYLE\=Manual
[        ]     export COLOR_DIAGNOSTICS\=NO
[        ]     export COMBINE_HIDPI_IMAGES\=NO
[        ]     export COMPILER_INDEX_STORE_ENABLE\=NO
[        ]     export COMPOSITE_SDK_DIRS\=/Users/gaetan/dev/macos_sandbox_bug/build/macos/Build/Intermediates.noindex/CompositeSDKs
[        ]     export COMPRESS_PNG_FILES\=NO
[        ]     export CONFIGURATION\=Debug
[        ]     export CONFIGURATION_BUILD_DIR\=/Users/gaetan/dev/macos_sandbox_bug/build/macos/Build/Products/Debug
[        ]     export CONFIGURATION_TEMP_DIR\=/Users/gaetan/dev/macos_sandbox_bug/build/macos/Build/Intermediates.noindex/Runner.build/Debug
[        ]     export COPYING_PRESERVES_HFS_DATA\=NO
[        ]     export COPY_HEADERS_RUN_UNIFDEF\=NO
[        ]     export COPY_PHASE_STRIP\=NO
[        ]     export COPY_RESOURCES_FROM_STATIC_FRAMEWORKS\=YES
[        ]     export CP\=/bin/cp
[        ]     export CREATE_INFOPLIST_SECTION_IN_BINARY\=NO
[        ]     export CURRENT_ARCH\=undefined_arch
[        ]     export CURRENT_VARIANT\=normal
[        ]     export DART_DEFINES\=RkxVVFRFUl9XRUJfQVVUT19ERVRFQ1Q9dHJ1ZQ\=\=
[        ]     export DART_OBFUSCATION\=false
[        ]     export DEAD_CODE_STRIPPING\=NO
[        ]     export DEBUGGING_SYMBOLS\=YES
[        ]     export DEBUG_INFORMATION_FORMAT\=dwarf
[        ]     export DEFAULT_COMPILER\=com.apple.compilers.llvm.clang.1_0
[        ]     export DEFAULT_DEXT_INSTALL_PATH\=/System/Library/DriverExtensions
[        ]     export DEFAULT_KEXT_INSTALL_PATH\=/System/Library/Extensions
[        ]     export DEFINES_MODULE\=NO
[        ]     export DEPLOYMENT_LOCATION\=NO
[        ]     export DEPLOYMENT_POSTPROCESSING\=NO
[        ]     export DEPLOYMENT_TARGET_SETTING_NAME\=MACOSX_DEPLOYMENT_TARGET
[        ]     export DEPLOYMENT_TARGET_SUGGESTED_VALUES\=10.13\ 10.14\ 10.15\ 11.0\ 11.1\ 11.2\ 11.3\ 11.4\ 11.5\ 12.0\ 12.2\ 12.3\ 12.4\ 13.0\ 13.1
[        ]     export DERIVED_FILES_DIR\=/Users/gaetan/dev/macos_sandbox_bug/build/macos/Build/Intermediates.noindex/Runner.build/Debug/Flutter\ Assemble.build/DerivedSources
[        ]     export DERIVED_FILE_DIR\=/Users/gaetan/dev/macos_sandbox_bug/build/macos/Build/Intermediates.noindex/Runner.build/Debug/Flutter\ Assemble.build/DerivedSources
[        ]     export DERIVED_SOURCES_DIR\=/Users/gaetan/dev/macos_sandbox_bug/build/macos/Build/Intermediates.noindex/Runner.build/Debug/Flutter\ Assemble.build/DerivedSources
[        ]     export DEVELOPER_APPLICATIONS_DIR\=/Applications/Xcode-14.2.0-release-candidate.app/Contents/Developer/Applications
[        ]     export DEVELOPER_BIN_DIR\=/Applications/Xcode-14.2.0-release-candidate.app/Contents/Developer/usr/bin
[        ]     export DEVELOPER_DIR\=/Applications/Xcode-14.2.0-release-candidate.app/Contents/Developer
[        ]     export DEVELOPER_FRAMEWORKS_DIR\=/Applications/Xcode-14.2.0-release-candidate.app/Contents/Developer/Library/Frameworks
[        ]     export DEVELOPER_FRAMEWORKS_DIR_QUOTED\=/Applications/Xcode-14.2.0-release-candidate.app/Contents/Developer/Library/Frameworks
[        ]     export DEVELOPER_LIBRARY_DIR\=/Applications/Xcode-14.2.0-release-candidate.app/Contents/Developer/Library
[        ]     export DEVELOPER_SDK_DIR\=/Applications/Xcode-14.2.0-release-candidate.app/Contents/Developer/Platforms/MacOSX.platform/Developer/SDKs
[        ]     export DEVELOPER_TOOLS_DIR\=/Applications/Xcode-14.2.0-release-candidate.app/Contents/Developer/Tools
[        ]     export DEVELOPER_USR_DIR\=/Applications/Xcode-14.2.0-release-candidate.app/Contents/Developer/usr
[        ]     export DEVELOPMENT_LANGUAGE\=en
[        ]     export DONT_GENERATE_INFOPLIST_FILE\=NO
[        ]     export DO_HEADER_SCANNING_IN_JAM\=NO
[        ]     export DSTROOT\=/tmp/Runner.dst
[        ]     export DT_TOOLCHAIN_DIR\=/Applications/Xcode-14.2.0-release-candidate.app/Contents/Developer/Toolchains/XcodeDefault.xctoolchain
[        ]     export DWARF_DSYM_FILE_NAME\=.dSYM
[        ]     export DWARF_DSYM_FILE_SHOULD_ACCOMPANY_PRODUCT\=NO
[        ]     export DWARF_DSYM_FOLDER_PATH\=/Users/gaetan/dev/macos_sandbox_bug/build/macos/Build/Products/Debug
[        ]     export DYNAMIC_LIBRARY_EXTENSION\=dylib
[        ]     export EAGER_LINKING\=NO
[        ]     export EMBEDDED_CONTENT_CONTAINS_SWIFT\=NO
[        ]     export EMBEDDED_PROFILE_NAME\=embedded.provisionprofile
[        ]     export EMBED_ASSET_PACKS_IN_PRODUCT_BUNDLE\=NO
[        ]     export ENABLE_APP_SANDBOX\=NO
[        ]     export ENABLE_BITCODE\=NO
[        ]     export ENABLE_DEFAULT_HEADER_SEARCH_PATHS\=YES
[        ]     export ENABLE_DEFAULT_SEARCH_PATHS\=YES
[        ]     export ENABLE_HARDENED_RUNTIME\=NO
[        ]     export ENABLE_HEADER_DEPENDENCIES\=YES
[        ]     export ENABLE_ON_DEMAND_RESOURCES\=NO
[        ]     export ENABLE_PREVIEWS\=NO
[        ]     export ENABLE_STRICT_OBJC_MSGSEND\=YES
[        ]     export ENABLE_TESTABILITY\=YES
[        ]     export ENABLE_TESTING_SEARCH_PATHS\=NO
[        ]     export ENABLE_USER_SCRIPT_SANDBOXING\=NO
[        ]     export ENTITLEMENTS_DESTINATION\=Signature
[        ]     export ENTITLEMENTS_REQUIRED\=YES
[        ]     export EXCLUDED_INSTALLSRC_SUBDIRECTORY_PATTERNS\=.DS_Store\ .svn\ .git\ .hg\ CVS
[        ]     export EXCLUDED_RECURSIVE_SEARCH_PATH_SUBDIRECTORIES\=\*.nib\ \*.lproj\ \*.framework\ \*.gch\ \*.xcode\*\ \*.xcassets\ \(\*\)\ .DS_Store\ CVS\ .svn\ .git\ .hg\ \*.pbproj\ \*.pbxproj
[        ]     export FILE_LIST\=/Users/gaetan/dev/macos_sandbox_bug/build/macos/Build/Intermediates.noindex/Runner.build/Debug/Flutter\ Assemble.build/Objects/LinkFileList
[        ]     export FIXED_FILES_DIR\=/Users/gaetan/dev/macos_sandbox_bug/build/macos/Build/Intermediates.noindex/Runner.build/Debug/Flutter\ Assemble.build/FixedFiles
[        ]     export FLUTTER_APPLICATION_PATH\=/Users/gaetan/dev/macos_sandbox_bug
[        ]     export FLUTTER_BUILD_DIR\=build
[        ]     export FLUTTER_BUILD_NAME\=1.0.0
[        ]     export FLUTTER_BUILD_NUMBER\=1
[        ]     export FLUTTER_ROOT\=/Users/gaetan/fvm/versions/stable
[        ]     export FLUTTER_TARGET\=/Users/gaetan/dev/macos_sandbox_bug/lib/main.dart
[        ]     export FRAMEWORK_SEARCH_PATHS\=\ \"/Users/gaetan/dev/macos_sandbox_bug/build/macos/Build/Products/Debug/device_calendar\"
[        ]     export FRAMEWORK_VERSION\=A
[        ]     export FUSE_BUILD_PHASES\=YES
[        ]     export FUSE_BUILD_SCRIPT_PHASES\=NO
[        ]     export GCC3_VERSION\=3.3
[        ]     export GCC_C_LANGUAGE_STANDARD\=gnu11
[        ]     export GCC_DYNAMIC_NO_PIC\=NO
[        ]     export GCC_NO_COMMON_BLOCKS\=YES
[        ]     export GCC_OPTIMIZATION_LEVEL\=0
[        ]     export GCC_PFE_FILE_C_DIALECTS\=c\ objective-c\ c++\ objective-c++
[        ]     export GCC_PREPROCESSOR_DEFINITIONS\=DEBUG\=1\ \ COCOAPODS\=1
[        ]     export GCC_TREAT_WARNINGS_AS_ERRORS\=NO
[        ]     export GCC_VERSION\=com.apple.compilers.llvm.clang.1_0
[        ]     export GCC_VERSION_IDENTIFIER\=com_apple_compilers_llvm_clang_1_0
[        ]     export GCC_WARN_64_TO_32_BIT_CONVERSION\=YES
[        ]     export GCC_WARN_ABOUT_RETURN_TYPE\=YES_ERROR
[        ]     export GCC_WARN_SHADOW\=YES
[        ]     export GCC_WARN_STRICT_SELECTOR_MATCH\=YES
[        ]     export GCC_WARN_UNDECLARED_SELECTOR\=YES
[        ]     export GCC_WARN_UNINITIALIZED_AUTOS\=YES_AGGRESSIVE
[        ]     export GCC_WARN_UNUSED_FUNCTION\=YES
[        ]     export GCC_WARN_UNUSED_VARIABLE\=YES
[        ]     export GENERATED_MODULEMAP_DIR\=/Users/gaetan/dev/macos_sandbox_bug/build/macos/Build/Intermediates.noindex/GeneratedModuleMaps
[        ]     export GENERATE_INFOPLIST_FILE\=NO
[        ]     export GENERATE_MASTER_OBJECT_FILE\=NO
[        ]     export GENERATE_PKGINFO_FILE\=NO
[        ]     export GENERATE_PROFILING_CODE\=NO
[        ]     export GENERATE_TEXT_BASED_STUBS\=NO
[        ]     export GID\=20
[        ]     export GROUP\=staff
[        ]     export HEADERMAP_INCLUDES_FLAT_ENTRIES_FOR_TARGET_BEING_BUILT\=YES
[        ]     export HEADERMAP_INCLUDES_FRAMEWORK_ENTRIES_FOR_ALL_PRODUCT_TYPES\=YES
[        ]     export HEADERMAP_INCLUDES_NONPUBLIC_NONPRIVATE_HEADERS\=YES
[        ]     export HEADERMAP_INCLUDES_PROJECT_HEADERS\=YES
[        ]     export HEADERMAP_USES_FRAMEWORK_PREFIX_ENTRIES\=YES
[        ]     export HEADERMAP_USES_VFS\=NO
[        ]     export HEADER_SEARCH_PATHS\=\ \"/Users/gaetan/dev/macos_sandbox_bug/build/macos/Build/Products/Debug/device_calendar/device_calendar.framework/Headers\"
[        ]     export HIDE_BITCODE_SYMBOLS\=YES
[        ]     export HOME\=/Users/gaetan
[        ]     export HOST_PLATFORM\=macosx
[        ]     export ICONV\=/usr/bin/iconv
[        ]     export INFOPLIST_EXPAND_BUILD_SETTINGS\=YES
[        ]     export INFOPLIST_OUTPUT_FORMAT\=same-as-input
[        ]     export INFOPLIST_PREPROCESS\=NO
[        ]     export INLINE_PRIVATE_FRAMEWORKS\=NO
[        ]     export INSTALLHDRS_COPY_PHASE\=NO
[        ]     export INSTALLHDRS_SCRIPT_PHASE\=NO
[        ]     export INSTALL_DIR\=/tmp/Runner.dst
[        ]     export INSTALL_GROUP\=staff
[        ]     export INSTALL_MODE_FLAG\=u+w,go-w,a+rX
[        ]     export INSTALL_OWNER\=gaetan
[        ]     export INSTALL_ROOT\=/tmp/Runner.dst
[        ]     export IOS_UNZIPPERED_TWIN_PREFIX_PATH\=/System/iOSSupport
[        ]     export IS_MACCATALYST\=NO
[        ]     export IS_UIKITFORMAC\=NO
[        ]     export JAVAC_DEFAULT_FLAGS\=-J-Xms64m\ -J-XX:NewSize\=4M\ -J-Dfile.encoding\=UTF8
[        ]     export JAVA_APP_STUB\=/System/Library/Frameworks/JavaVM.framework/Resources/MacOS/JavaApplicationStub
[        ]     export JAVA_ARCHIVE_CLASSES\=YES
[        ]     export JAVA_ARCHIVE_TYPE\=JAR
[        ]     export JAVA_COMPILER\=/usr/bin/javac
[        ]     export JAVA_FRAMEWORK_RESOURCES_DIRS\=Resources
[        ]     export JAVA_JAR_FLAGS\=cv
[        ]     export JAVA_SOURCE_SUBDIR\=.
[        ]     export JAVA_USE_DEPENDENCIES\=YES
[        ]     export JAVA_ZIP_FLAGS\=-urg
[        ]     export JIKES_DEFAULT_FLAGS\=+E\ +OLDCSO
[        ]     export KASAN_CFLAGS_CLASSIC\=-DKASAN\=1\ -DKASAN_CLASSIC\=1\ -fsanitize\=address\ -mllvm\ -asan-globals-live-support\ -mllvm\ -asan-force-dynamic-shadow
[        ]     export KASAN_CFLAGS_TBI\=-DKASAN\=1\ -DKASAN_TBI\=1\ -fsanitize\=kernel-hwaddress\ -mllvm\ -hwasan-recover\=0\ -mllvm\ -hwasan-instrument-atomics\=0\ -mllvm\ -hwasan-instrument-stack\=1\ -mllvm\ -hwasan-uar-retag-to-zero\=1\ -mllvm\ -hwasan-generate-tags-with-calls\=1\ -mllvm\ -hwasan-instrument-with-calls\=1\ -mllvm\ -hwasan-use-short-granules\=0\ \ -mllvm\ -hwasan-memory-access-callback-prefix\=__asan_
[        ]     export KASAN_DEFAULT_CFLAGS\=-DKASAN\=1\ -DKASAN_CLASSIC\=1\ -fsanitize\=address\ -mllvm\ -asan-globals-live-support\ -mllvm\ -asan-force-dynamic-shadow
[        ]     export KEEP_PRIVATE_EXTERNS\=NO
[        ]     export LD_DEPENDENCY_INFO_FILE\=/Users/gaetan/dev/macos_sandbox_bug/build/macos/Build/Intermediates.noindex/Runner.build/Debug/Flutter\ Assemble.build/Objects-normal/undefined_arch/Flutter\ Assemble_dependency_info.dat
[        ]     export LD_GENERATE_MAP_FILE\=NO
[        ]     export LD_MAP_FILE_PATH\=/Users/gaetan/dev/macos_sandbox_bug/build/macos/Build/Intermediates.noindex/Runner.build/Debug/Flutter\ Assemble.build/Flutter\ Assemble-LinkMap-normal-undefined_arch.txt
[        ]     export LD_NO_PIE\=NO
[        ]     export LD_QUOTE_LINKER_ARGUMENTS_FOR_COMPILER_DRIVER\=YES
[        ]     export LD_RUNPATH_SEARCH_PATHS\=\ /usr/lib/swift\ \'@executable_path/../Frameworks\'\ \'@loader_path/Frameworks\'\ \"/Applications/Xcode-14.2.0-release-candidate.app/Contents/Developer/Toolchains/XcodeDefault.xctoolchain/usr/lib/swift/macosx\"
[        ]     export LEGACY_DEVELOPER_DIR\=/Applications/Xcode-14.2.0-release-candidate.app/Contents/PlugIns/Xcode3Core.ideplugin/Contents/SharedSupport/Developer
[        ]     export LEX\=lex
[        ]     export LIBRARY_DEXT_INSTALL_PATH\=/Library/DriverExtensions
[        ]     export LIBRARY_FLAG_NOSPACE\=YES
[        ]     export LIBRARY_KEXT_INSTALL_PATH\=/Library/Extensions
[        ]     export LIBRARY_SEARCH_PATHS\=\ \"/Applications/Xcode-14.2.0-release-candidate.app/Contents/Developer/Toolchains/XcodeDefault.xctoolchain/usr/lib/swift/macosx\"\ /usr/lib/swift
[        ]     export LINKER_DISPLAYS_MANGLED_NAMES\=NO
[        ]     export LINK_FILE_LIST_normal_arm64\=/Users/gaetan/dev/macos_sandbox_bug/build/macos/Build/Intermediates.noindex/Runner.build/Debug/Flutter\ Assemble.build/Objects-normal/arm64/Flutter\ Assemble.LinkFileList
[        ]     export LINK_OBJC_RUNTIME\=YES
[        ]     export LINK_WITH_STANDARD_LIBRARIES\=YES
[        ]     export LLVM_TARGET_TRIPLE_OS_VERSION\=macos10.14
[        ]     export LLVM_TARGET_TRIPLE_OS_VERSION_NO\=macos10.14
[        ]     export LLVM_TARGET_TRIPLE_OS_VERSION_YES\=macos13.1
[        ]     export LLVM_TARGET_TRIPLE_VENDOR\=apple
[        ]     export LOCALIZATION_EXPORT_SUPPORTED\=YES
[        ]     export LOCALIZED_STRING_MACRO_NAMES\=NSLocalizedString\ CFCopyLocalizedString
[        ]     export LOCALIZED_STRING_SWIFTUI_SUPPORT\=YES
[        ]     export LOCAL_ADMIN_APPS_DIR\=/Applications/Utilities
[        ]     export LOCAL_APPS_DIR\=/Applications
[        ]     export LOCAL_DEVELOPER_DIR\=/Library/Developer
[        ]     export LOCAL_LIBRARY_DIR\=/Library
[        ]     export LOCROOT\=/Users/gaetan/dev/macos_sandbox_bug/macos
[        ]     export LOCSYMROOT\=/Users/gaetan/dev/macos_sandbox_bug/macos
[        ]     export MACOSX_DEPLOYMENT_TARGET\=10.14
[        ]     export MAC_OS_X_PRODUCT_BUILD_VERSION\=22D68
[        ]     export MAC_OS_X_VERSION_ACTUAL\=130201
[        ]     export MAC_OS_X_VERSION_MAJOR\=130000
[        ]     export MAC_OS_X_VERSION_MINOR\=130200
[        ]     export METAL_LIBRARY_FILE_BASE\=default
[        ]     export METAL_LIBRARY_OUTPUT_DIR\=/Users/gaetan/dev/macos_sandbox_bug/build/macos/Build/Products/Debug/
[        ]     export MODULE_CACHE_DIR\=/Users/gaetan/dev/macos_sandbox_bug/build/macos/ModuleCache.noindex
[        ]     export MTL_ENABLE_DEBUG_INFO\=YES
[        ]     export NATIVE_ARCH\=arm64
[        ]     export NATIVE_ARCH_32_BIT\=arm
[        ]     export NATIVE_ARCH_64_BIT\=arm64
[        ]     export NATIVE_ARCH_ACTUAL\=arm64
[        ]     export NO_COMMON\=YES
[        ]     export OBJECT_FILE_DIR\=/Users/gaetan/dev/macos_sandbox_bug/build/macos/Build/Intermediates.noindex/Runner.build/Debug/Flutter\ Assemble.build/Objects
[        ]     export OBJECT_FILE_DIR_normal\=/Users/gaetan/dev/macos_sandbox_bug/build/macos/Build/Intermediates.noindex/Runner.build/Debug/Flutter\ Assemble.build/Objects-normal
[        ]     export OBJROOT\=/Users/gaetan/dev/macos_sandbox_bug/build/macos/Build/Intermediates.noindex
[        ]     export ONLY_ACTIVE_ARCH\=YES
[        ]     export OS\=MACOS
[        ]     export OSAC\=/usr/bin/osacompile
[        ]     export OTHER_LDFLAGS\=\ -framework\ \"device_calendar\"
[        ]     export OTHER_SWIFT_FLAGS\=\ -D\ COCOAPODS
[        ]     export PACKAGE_CONFIG\=/Users/gaetan/dev/macos_sandbox_bug/.dart_tool/package_config.json
[        ]     export PASCAL_STRINGS\=YES
[        ]     export PATH\=/Applications/Xcode-14.2.0-release-candidate.app/Contents/Developer/Toolchains/XcodeDefault.xctoolchain/usr/bin:/Applications/Xcode-14.2.0-release-candidate.app/Contents/Developer/Toolchains/XcodeDefault.xctoolchain/usr/appleinternal/bin:/Applications/Xcode-14.2.0-release-candidate.app/Contents/Developer/Toolchains/XcodeDefault.xctoolchain/usr/local/bin:/Applications/Xcode-14.2.0-release-candidate.app/Contents/Developer/Toolchains/XcodeDefault.xctoolchain/usr/libexec:/Applications/Xcode-14.2.0-release-candidate.app/Contents/Developer/Platforms/MacOSX.platform/usr/bin:/Applications/Xcode-14.2.0-release-candidate.app/Contents/Developer/Platforms/MacOSX.platform/usr/appleinternal/bin:/Applications/Xcode-14.2.0-release-candidate.app/Contents/Developer/Platforms/MacOSX.platform/usr/local/bin:/Applications/Xcode-14.2.0-release-candidate.app/Contents/Developer/Platforms/MacOSX.platform/Developer/usr/bin:/Applications/Xcode-14.2.0-release-candidate.app/Contents/Developer/Platforms/MacOSX.platform/Developer/usr/local/bin:/Applications/Xcode-14.2.0-release-candidate.app/Contents/Developer/usr/bin:/Applications/Xcode-14.2.0-release-candidate.app/Contents/Developer/usr/local/bin:/Users/gaetan/fvm/default/bin:/Users/gaetan/.zvm/default:/opt/homebrew/opt/node@18/bin:/opt/homebrew/bin:/usr/local/bin:/System/Cryptexes/App/usr/bin:/usr/bin:/bin:/usr/sbin:/sbin:/Library/Apple/usr/bin:/opt/devkitpro/tools/bin:/Library/TeX/texbin:/Applications/kitty.app/Contents/MacOS
[        ]     export PATH_PREFIXES_EXCLUDED_FROM_HEADER_DEPENDENCIES\=/usr/include\ /usr/local/include\ /System/Library/Frameworks\ /System/Library/PrivateFrameworks\ /Applications/Xcode-14.2.0-release-candidate.app/Contents/Developer/Headers\ /Applications/Xcode-14.2.0-release-candidate.app/Contents/Developer/SDKs\ /Applications/Xcode-14.2.0-release-candidate.app/Contents/Developer/Platforms
[        ]     export PER_ARCH_OBJECT_FILE_DIR\=/Users/gaetan/dev/macos_sandbox_bug/build/macos/Build/Intermediates.noindex/Runner.build/Debug/Flutter\ Assemble.build/Objects-normal/undefined_arch
[        ]     export PER_VARIANT_OBJECT_FILE_DIR\=/Users/gaetan/dev/macos_sandbox_bug/build/macos/Build/Intermediates.noindex/Runner.build/Debug/Flutter\ Assemble.build/Objects-normal
[        ]     export PKGINFO_FILE_PATH\=/Users/gaetan/dev/macos_sandbox_bug/build/macos/Build/Intermediates.noindex/Runner.build/Debug/Flutter\ Assemble.build/PkgInfo
[        ]     export PLATFORM_DEVELOPER_APPLICATIONS_DIR\=/Applications/Xcode-14.2.0-release-candidate.app/Contents/Developer/Applications
[        ]     export PLATFORM_DEVELOPER_BIN_DIR\=/Applications/Xcode-14.2.0-release-candidate.app/Contents/Developer/usr/bin
[        ]     export PLATFORM_DEVELOPER_LIBRARY_DIR\=/Applications/Xcode-14.2.0-release-candidate.app/Contents/Developer/Library
[        ]     export PLATFORM_DEVELOPER_SDK_DIR\=/Applications/Xcode-14.2.0-release-candidate.app/Contents/Developer/Platforms/MacOSX.platform/Developer/SDKs
[        ]     export PLATFORM_DEVELOPER_TOOLS_DIR\=/Applications/Xcode-14.2.0-release-candidate.app/Contents/Developer/Tools
[        ]     export PLATFORM_DEVELOPER_USR_DIR\=/Applications/Xcode-14.2.0-release-candidate.app/Contents/Developer/usr
[        ]     export PLATFORM_DIR\=/Applications/Xcode-14.2.0-release-candidate.app/Contents/Developer/Platforms/MacOSX.platform
[        ]     export PLATFORM_DISPLAY_NAME\=macOS
[        ]     export PLATFORM_FAMILY_NAME\=macOS
[        ]     export PLATFORM_NAME\=macosx
[        ]     export PLATFORM_PREFERRED_ARCH\=x86_64
[        ]     export PLATFORM_PRODUCT_BUILD_VERSION\=14C18
[        ]     export PLIST_FILE_OUTPUT_FORMAT\=same-as-input
[        ]     export PODS_BUILD_DIR\=/Users/gaetan/dev/macos_sandbox_bug/build/macos/Build/Products
[        ]     export PODS_CONFIGURATION_BUILD_DIR\=/Users/gaetan/dev/macos_sandbox_bug/build/macos/Build/Products/Debug
[        ]     export PODS_PODFILE_DIR_PATH\=/Users/gaetan/dev/macos_sandbox_bug/macos/.
[        ]     export PODS_ROOT\=/Users/gaetan/dev/macos_sandbox_bug/macos/Pods
[        ]     export PODS_XCFRAMEWORKS_BUILD_DIR\=/Users/gaetan/dev/macos_sandbox_bug/build/macos/Build/Products/Debug/XCFrameworkIntermediates
[        ]     export PRECOMPS_INCLUDE_HEADERS_FROM_BUILT_PRODUCTS_DIR\=YES
[        ]     export PRECOMP_DESTINATION_DIR\=/Users/gaetan/dev/macos_sandbox_bug/build/macos/Build/Intermediates.noindex/Runner.build/Debug/Flutter\ Assemble.build/PrefixHeaders
[        ]     export PRESERVE_DEAD_CODE_INITS_AND_TERMS\=NO
[        ]     export PRODUCT_MODULE_NAME\=Flutter_Assemble
[        ]     export PRODUCT_NAME\=Flutter\ Assemble
[        ]     export PRODUCT_SETTINGS_PATH\=
[        ]     export PROFILING_CODE\=NO
[        ]     export PROJECT\=Runner
[        ]     export PROJECT_DERIVED_FILE_DIR\=/Users/gaetan/dev/macos_sandbox_bug/build/macos/Build/Intermediates.noindex/Runner.build/DerivedSources
[        ]     export PROJECT_DIR\=/Users/gaetan/dev/macos_sandbox_bug/macos
[        ]     export PROJECT_FILE_PATH\=/Users/gaetan/dev/macos_sandbox_bug/macos/Runner.xcodeproj
[        ]     export PROJECT_NAME\=Runner
[        ]     export PROJECT_TEMP_DIR\=/Users/gaetan/dev/macos_sandbox_bug/build/macos/Build/Intermediates.noindex/Runner.build
[        ]     export PROJECT_TEMP_ROOT\=/Users/gaetan/dev/macos_sandbox_bug/build/macos/Build/Intermediates.noindex
[        ]     export RECOMMENDED_MACOSX_DEPLOYMENT_TARGET\=10.14.6
[        ]     export RECURSIVE_SEARCH_PATHS_FOLLOW_SYMLINKS\=YES
[        ]     export REMOVE_CVS_FROM_RESOURCES\=YES
[        ]     export REMOVE_GIT_FROM_RESOURCES\=YES
[        ]     export REMOVE_HEADERS_FROM_EMBEDDED_BUNDLES\=YES
[        ]     export REMOVE_HG_FROM_RESOURCES\=YES
[        ]     export REMOVE_SVN_FROM_RESOURCES\=YES
[        ]     export REZ_COLLECTOR_DIR\=/Users/gaetan/dev/macos_sandbox_bug/build/macos/Build/Intermediates.noindex/Runner.build/Debug/Flutter\ Assemble.build/ResourceManagerResources
[        ]     export REZ_OBJECTS_DIR\=/Users/gaetan/dev/macos_sandbox_bug/build/macos/Build/Intermediates.noindex/Runner.build/Debug/Flutter\ Assemble.build/ResourceManagerResources/Objects
[        ]     export SCAN_ALL_SOURCE_FILES_FOR_INCLUDES\=NO
[        ]     export SCRIPT_INPUT_FILE_0\=/Users/gaetan/dev/macos_sandbox_bug/macos/Flutter/ephemeral/tripwire
[        ]     export SCRIPT_INPUT_FILE_COUNT\=1
[        ]     export SCRIPT_INPUT_FILE_LIST_0\=/Users/gaetan/dev/macos_sandbox_bug/build/macos/Build/Intermediates.noindex/Runner.build/Debug/Flutter\ Assemble.build/InputFileList-33CC111E2044C6BF0003C045-FlutterInputs-79334eb2d384ef8806674cab606b075a-resolved.xcfilelist
[        ]     export SCRIPT_INPUT_FILE_LIST_COUNT\=1
[        ]     export SCRIPT_OUTPUT_FILE_COUNT\=0
[        ]     export SCRIPT_OUTPUT_FILE_LIST_0\=/Users/gaetan/dev/macos_sandbox_bug/build/macos/Build/Intermediates.noindex/Runner.build/Debug/Flutter\ Assemble.build/OutputFileList-33CC111E2044C6BF0003C045-FlutterOutputs-f4a5e7fb5db8678f1ad860a943954d22-resolved.xcfilelist
[        ]     export SCRIPT_OUTPUT_FILE_LIST_COUNT\=1
[        ]     export SDKROOT\=/Applications/Xcode-14.2.0-release-candidate.app/Contents/Developer/Platforms/MacOSX.platform/Developer/SDKs/MacOSX13.1.sdk
[        ]     export SDK_DIR\=/Applications/Xcode-14.2.0-release-candidate.app/Contents/Developer/Platforms/MacOSX.platform/Developer/SDKs/MacOSX13.1.sdk
[        ]     export SDK_DIR_macosx\=/Applications/Xcode-14.2.0-release-candidate.app/Contents/Developer/Platforms/MacOSX.platform/Developer/SDKs/MacOSX13.1.sdk
[        ]     export SDK_DIR_macosx13_1\=/Applications/Xcode-14.2.0-release-candidate.app/Contents/Developer/Platforms/MacOSX.platform/Developer/SDKs/MacOSX13.1.sdk
[        ]     export SDK_NAME\=macosx13.1
[        ]     export SDK_NAMES\=macosx13.1
[        ]     export SDK_PRODUCT_BUILD_VERSION\=22C55
[        ]     export SDK_VERSION\=13.1
[        ]     export SDK_VERSION_ACTUAL\=130100
[        ]     export SDK_VERSION_MAJOR\=130000
[        ]     export SDK_VERSION_MINOR\=130100
[        ]     export SED\=/usr/bin/sed
[        ]     export SEPARATE_STRIP\=NO
[        ]     export SEPARATE_SYMBOL_EDIT\=NO
[        ]     export SET_DIR_MODE_OWNER_GROUP\=YES
[        ]     export SET_FILE_MODE_OWNER_GROUP\=NO
[        ]     export SHALLOW_BUNDLE\=NO
[        ]     export SHARED_DERIVED_FILE_DIR\=/Users/gaetan/dev/macos_sandbox_bug/build/macos/Build/Products/Debug/DerivedSources
[        ]     export SHARED_PRECOMPS_DIR\=/Users/gaetan/dev/macos_sandbox_bug/build/macos/Build/Intermediates.noindex/PrecompiledHeaders
[        ]     export SKIP_INSTALL\=YES
[        ]     export SOURCE_ROOT\=/Users/gaetan/dev/macos_sandbox_bug/macos
[        ]     export SRCROOT\=/Users/gaetan/dev/macos_sandbox_bug/macos
[        ]     export STRINGSDATA_DIR\=/Users/gaetan/dev/macos_sandbox_bug/build/macos/Build/Intermediates.noindex/Runner.build/Debug/Flutter\ Assemble.build/Objects-normal/undefined_arch
[        ]     export STRINGSDATA_ROOT\=/Users/gaetan/dev/macos_sandbox_bug/build/macos/Build/Intermediates.noindex/Runner.build/Debug/Flutter\ Assemble.build
[        ]     export STRINGS_FILE_INFOPLIST_RENAME\=YES
[        ]     export STRINGS_FILE_OUTPUT_ENCODING\=UTF-16
[        ]     export STRIP_BITCODE_FROM_COPIED_FILES\=NO
[        ]     export STRIP_INSTALLED_PRODUCT\=NO
[        ]     export STRIP_PNG_TEXT\=NO
[        ]     export STRIP_STYLE\=all
[        ]     export STRIP_SWIFT_SYMBOLS\=YES
[        ]     export SUPPORTED_PLATFORMS\=macosx
[        ]     export SUPPORTS_TEXT_BASED_API\=NO
[        ]     export SWIFT_ACTIVE_COMPILATION_CONDITIONS\=DEBUG
[        ]     export SWIFT_EMIT_LOC_STRINGS\=NO
[        ]     export SWIFT_OPTIMIZATION_LEVEL\=-Onone
[        ]     export SWIFT_PLATFORM_TARGET_PREFIX\=macos
[        ]     export SWIFT_RESPONSE_FILE_PATH_normal_arm64\=/Users/gaetan/dev/macos_sandbox_bug/build/macos/Build/Intermediates.noindex/Runner.build/Debug/Flutter\ Assemble.build/Objects-normal/arm64/Flutter\ Assemble.SwiftFileList
[        ]     export SYMROOT\=/Users/gaetan/dev/macos_sandbox_bug/build/macos/Build/Products
[        ]     export SYSTEM_ADMIN_APPS_DIR\=/Applications/Utilities
[        ]     export SYSTEM_APPS_DIR\=/Applications
[        ]     export SYSTEM_CORE_SERVICES_DIR\=/System/Library/CoreServices
[        ]     export SYSTEM_DEMOS_DIR\=/Applications/Extras
[        ]     export SYSTEM_DEVELOPER_APPS_DIR\=/Applications/Xcode-14.2.0-release-candidate.app/Contents/Developer/Applications
[        ]     export SYSTEM_DEVELOPER_BIN_DIR\=/Applications/Xcode-14.2.0-release-candidate.app/Contents/Developer/usr/bin
[        ]     export SYSTEM_DEVELOPER_DEMOS_DIR\=/Applications/Xcode-14.2.0-release-candidate.app/Contents/Developer/Applications/Utilities/Built\ Examples
[        ]     export SYSTEM_DEVELOPER_DIR\=/Applications/Xcode-14.2.0-release-candidate.app/Contents/Developer
[        ]     export SYSTEM_DEVELOPER_DOC_DIR\=/Applications/Xcode-14.2.0-release-candidate.app/Contents/Developer/ADC\ Reference\ Library
[        ]     export SYSTEM_DEVELOPER_GRAPHICS_TOOLS_DIR\=/Applications/Xcode-14.2.0-release-candidate.app/Contents/Developer/Applications/Graphics\ Tools
[        ]     export SYSTEM_DEVELOPER_JAVA_TOOLS_DIR\=/Applications/Xcode-14.2.0-release-candidate.app/Contents/Developer/Applications/Java\ Tools
[        ]     export SYSTEM_DEVELOPER_PERFORMANCE_TOOLS_DIR\=/Applications/Xcode-14.2.0-release-candidate.app/Contents/Developer/Applications/Performance\ Tools
[        ]     export SYSTEM_DEVELOPER_RELEASENOTES_DIR\=/Applications/Xcode-14.2.0-release-candidate.app/Contents/Developer/ADC\ Reference\ Library/releasenotes
[        ]     export SYSTEM_DEVELOPER_TOOLS\=/Applications/Xcode-14.2.0-release-candidate.app/Contents/Developer/Tools
[        ]     export SYSTEM_DEVELOPER_TOOLS_DOC_DIR\=/Applications/Xcode-14.2.0-release-candidate.app/Contents/Developer/ADC\ Reference\ Library/documentation/DeveloperTools
[        ]     export SYSTEM_DEVELOPER_TOOLS_RELEASENOTES_DIR\=/Applications/Xcode-14.2.0-release-candidate.app/Contents/Developer/ADC\ Reference\ Library/releasenotes/DeveloperTools
[        ]     export SYSTEM_DEVELOPER_USR_DIR\=/Applications/Xcode-14.2.0-release-candidate.app/Contents/Developer/usr
[        ]     export SYSTEM_DEVELOPER_UTILITIES_DIR\=/Applications/Xcode-14.2.0-release-candidate.app/Contents/Developer/Applications/Utilities
[        ]     export SYSTEM_DEXT_INSTALL_PATH\=/System/Library/DriverExtensions
[        ]     export SYSTEM_DOCUMENTATION_DIR\=/Library/Documentation
[        ]     export SYSTEM_KEXT_INSTALL_PATH\=/System/Library/Extensions
[        ]     export SYSTEM_LIBRARY_DIR\=/System/Library
[        ]     export TAPI_ENABLE_PROJECT_HEADERS\=NO
[        ]     export TAPI_VERIFY_MODE\=ErrorsOnly
[        ]     export TARGETNAME\=Flutter\ Assemble
[        ]     export TARGET_BUILD_DIR\=/Users/gaetan/dev/macos_sandbox_bug/build/macos/Build/Products/Debug
[        ]     export TARGET_NAME\=Flutter\ Assemble
[        ]     export TARGET_TEMP_DIR\=/Users/gaetan/dev/macos_sandbox_bug/build/macos/Build/Intermediates.noindex/Runner.build/Debug/Flutter\ Assemble.build
[        ]     export TEMP_DIR\=/Users/gaetan/dev/macos_sandbox_bug/build/macos/Build/Intermediates.noindex/Runner.build/Debug/Flutter\ Assemble.build
[        ]     export TEMP_FILES_DIR\=/Users/gaetan/dev/macos_sandbox_bug/build/macos/Build/Intermediates.noindex/Runner.build/Debug/Flutter\ Assemble.build
[        ]     export TEMP_FILE_DIR\=/Users/gaetan/dev/macos_sandbox_bug/build/macos/Build/Intermediates.noindex/Runner.build/Debug/Flutter\ Assemble.build
[        ]     export TEMP_ROOT\=/Users/gaetan/dev/macos_sandbox_bug/build/macos/Build/Intermediates.noindex
[        ]     export TEST_FRAMEWORK_SEARCH_PATHS\=\ /Applications/Xcode-14.2.0-release-candidate.app/Contents/Developer/Platforms/MacOSX.platform/Developer/Library/Frameworks
[        ]     export TEST_LIBRARY_SEARCH_PATHS\=\ /Applications/Xcode-14.2.0-release-candidate.app/Contents/Developer/Platforms/MacOSX.platform/Developer/usr/lib
[        ]     export TOOLCHAINS\=com.apple.dt.toolchain.XcodeDefault
[        ]     export TOOLCHAIN_DIR\=/Applications/Xcode-14.2.0-release-candidate.app/Contents/Developer/Toolchains/XcodeDefault.xctoolchain
[        ]     export TRACK_WIDGET_CREATION\=true
[        ]     export TREAT_MISSING_BASELINES_AS_TEST_FAILURES\=NO
[        ]     export TREE_SHAKE_ICONS\=false
[        ]     export UID\=501
[        ]     export UNSTRIPPED_PRODUCT\=NO
[        ]     export USER\=gaetan
[        ]     export USER_APPS_DIR\=/Users/gaetan/Applications
[        ]     export USER_LIBRARY_DIR\=/Users/gaetan/Library
[        ]     export USE_DYNAMIC_NO_PIC\=YES
[        ]     export USE_HEADERMAP\=YES
[        ]     export USE_HEADER_SYMLINKS\=NO
[        ]     export USE_LLVM_TARGET_TRIPLES\=YES
[        ]     export USE_LLVM_TARGET_TRIPLES_FOR_CLANG\=YES
[        ]     export USE_LLVM_TARGET_TRIPLES_FOR_LD\=YES
[        ]     export USE_LLVM_TARGET_TRIPLES_FOR_TAPI\=YES
[        ]     export USE_RECURSIVE_SCRIPT_INPUTS_IN_SCRIPT_PHASES\=YES
[        ]     export VALIDATE_DEVELOPMENT_ASSET_PATHS\=YES_ERROR
[        ]     export VALIDATE_PRODUCT\=NO
[        ]     export VALID_ARCHS\=arm64\ arm64e\ i386\ x86_64
[        ]     export VERBOSE_PBXCP\=NO
[        ]     export VERBOSE_SCRIPT_LOGGING\=YES
[        ]     export VERSION_INFO_BUILDER\=gaetan
[        ]     export VERSION_INFO_FILE\=Flutter\ Assemble_vers.c
[        ]     export VERSION_INFO_STRING\=\"@\(\#\)PROGRAM:Flutter\ Assemble\ \ PROJECT:Runner-\"
[        ]     export WARNING_CFLAGS\=-Wall\ -Wconditional-uninitialized\ -Wnullable-to-nonnull-conversion\ -Wmissing-method-return-type\ -Woverlength-strings
[        ]     export WRAP_ASSET_PACKS_IN_SEPARATE_DIRECTORIES\=NO
[        ]     export XCODE_APP_SUPPORT_DIR\=/Applications/Xcode-14.2.0-release-candidate.app/Contents/Developer/Library/Xcode
[        ]     export XCODE_PRODUCT_BUILD_VERSION\=14C18
[        ]     export XCODE_VERSION_ACTUAL\=1420
[        ]     export XCODE_VERSION_MAJOR\=1400
[        ]     export XCODE_VERSION_MINOR\=1420
[        ]     export XPCSERVICES_FOLDER_PATH\=/XPCServices
[        ]     export YACC\=yacc
[        ]     export _BOOL_\=NO
[        ]     export _BOOL_NO\=NO
[        ]     export _BOOL_YES\=YES
[        ]     export _DEVELOPMENT_TEAM_IS_EMPTY\=YES
[        ]     export _IS_EMPTY_\=YES
[        ]     export _MACOSX_DEPLOYMENT_TARGET_IS_EMPTY\=NO
[        ]     export arch\=undefined_arch
[        ]     export variant\=normal
[        ]     /bin/sh -c /Users/gaetan/dev/macos_sandbox_bug/build/macos/Build/Intermediates.noindex/Runner.build/Debug/Flutter\\\ Assemble.build/Script-33CC111E2044C6BF0003C045.sh
[   +1 ms]  /Users/gaetan/fvm/versions/stable/bin/flutter --verbose assemble --no-version-check -dTargetPlatform=darwin -dDarwinArchs=arm64 -dTargetFile=/Users/gaetan/dev/macos_sandbox_bug/lib/main.dart -dBuildMode=debug -dTreeShakeIcons=false -dDartObfuscation=false -dSplitDebugInfo= -dTrackWidgetCreation=true -dAction=build --DartDefines=RkxVVFRFUl9XRUJfQVVUT19ERVRFQ1Q9dHJ1ZQ== --ExtraGenSnapshotOptions= --ExtraFrontEndOptions= --build-inputs=/Users/gaetan/dev/macos_sandbox_bug/macos/Flutter/ephemeral/FlutterInputs.xcfilelist --build-outputs=/Users/gaetan/dev/macos_sandbox_bug/macos/Flutter/ephemeral/FlutterOutputs.xcfilelist --output=/Users/gaetan/dev/macos_sandbox_bug/build/macos/Build/Products/Debug debug_macos_bundle_flutter_assets
[  +66 ms] [   +7 ms] executing: sysctl hw.optional.arm64
[   +3 ms] [   +4 ms] Exit code 0 from: sysctl hw.optional.arm64
[        ] [        ] hw.optional.arm64: 1
[        ] [        ] executing: [/Users/gaetan/fvm/versions/stable/] git -c log.showSignature=false log -n 1 --pretty=format:%H
[   +5 ms] [   +5 ms] Exit code 0 from: git -c log.showSignature=false log -n 1 --pretty=format:%H
[        ] [        ] 2ad6cd72c040113b47ee9055e722606a490ef0da
[        ] [        ] executing: [/Users/gaetan/fvm/versions/stable/] git tag --points-at 2ad6cd72c040113b47ee9055e722606a490ef0da
[  +13 ms] [  +12 ms] Exit code 0 from: git tag --points-at 2ad6cd72c040113b47ee9055e722606a490ef0da
[        ] [        ] 3.7.7
[   +6 ms] [   +6 ms] executing: [/Users/gaetan/fvm/versions/stable/] git rev-parse --abbrev-ref HEAD
[   +4 ms] [   +4 ms] Exit code 0 from: git rev-parse --abbrev-ref HEAD
[        ] [        ] stable
[        ] [        ] executing: sw_vers -productName
[   +9 ms] [   +9 ms] Exit code 0 from: sw_vers -productName
[        ] [        ] macOS
[        ] [        ] executing: sw_vers -productVersion
[   +9 ms] [   +8 ms] Exit code 0 from: sw_vers -productVersion
[        ] [        ] 13.2.1
[        ] [        ] executing: sw_vers -buildVersion
[   +7 ms] [   +7 ms] Exit code 0 from: sw_vers -buildVersion
[        ] [        ] 22D68
[        ] [        ] executing: uname -m
[   +3 ms] [   +2 ms] Exit code 0 from: uname -m
[        ] [        ] arm64
[   +4 ms] [   +5 ms] Artifact Instance of 'AndroidGenSnapshotArtifacts' is not required, skipping update.
[        ] [        ] Artifact Instance of 'AndroidInternalBuildArtifacts' is not required, skipping update.
[        ] [        ] Artifact Instance of 'IOSEngineArtifacts' is not required, skipping update.
[        ] [        ] Artifact Instance of 'FlutterWebSdk' is not required, skipping update.
[        ] [        ] Artifact Instance of 'WindowsEngineArtifacts' is not required, skipping update.
[        ] [        ] Artifact Instance of 'MacOSEngineArtifacts' is not required, skipping update.
[        ] [        ] Artifact Instance of 'LinuxEngineArtifacts' is not required, skipping update.
[        ] [        ] Artifact Instance of 'LinuxFuchsiaSDKArtifacts' is not required, skipping update.
[        ] [        ] Artifact Instance of 'MacOSFuchsiaSDKArtifacts' is not required, skipping update.
[        ] [        ] Artifact Instance of 'FlutterRunnerSDKArtifacts' is not required, skipping update.
[        ] [        ] Artifact Instance of 'FlutterRunnerDebugSymbols' is not required, skipping update.
[  +33 ms] [  +33 ms] executing: [/Users/gaetan/fvm/versions/stable/] git rev-parse --abbrev-ref --symbolic @{upstream}
[   +5 ms] [   +5 ms] Exit code 0 from: git rev-parse --abbrev-ref --symbolic @{upstream}
[        ] [        ] origin/stable
[        ] [        ] executing: [/Users/gaetan/fvm/versions/stable/] git ls-remote --get-url origin
[   +4 ms] [   +4 ms] Exit code 0 from: git ls-remote --get-url origin
[        ] [        ] https://github.com/flutter/flutter.git
[        ] [        ] Artifact Instance of 'MaterialFonts' is not required, skipping update.
[        ] [        ] Artifact Instance of 'GradleWrapper' is not required, skipping update.
[        ] [        ] Artifact Instance of 'AndroidGenSnapshotArtifacts' is not required, skipping update.
[        ] [        ] Artifact Instance of 'AndroidInternalBuildArtifacts' is not required, skipping update.
[        ] [        ] Artifact Instance of 'IOSEngineArtifacts' is not required, skipping update.
[        ] [        ] Artifact Instance of 'FlutterWebSdk' is not required, skipping update.
[        ] [        ] Artifact Instance of 'FlutterSdk' is not required, skipping update.
[        ] [        ] Artifact Instance of 'WindowsEngineArtifacts' is not required, skipping update.
[        ] [        ] Artifact Instance of 'LinuxEngineArtifacts' is not required, skipping update.
[        ] [        ] Artifact Instance of 'LinuxFuchsiaSDKArtifacts' is not required, skipping update.
[        ] [        ] Artifact Instance of 'MacOSFuchsiaSDKArtifacts' is not required, skipping update.
[        ] [        ] Artifact Instance of 'FlutterRunnerSDKArtifacts' is not required, skipping update.
[        ] [        ] Artifact Instance of 'FlutterRunnerDebugSymbols' is not required, skipping update.
[        ] [        ] Artifact Instance of 'IosUsbArtifacts' is not required, skipping update.
[        ] [        ] Artifact Instance of 'IosUsbArtifacts' is not required, skipping update.
[        ] [        ] Artifact Instance of 'IosUsbArtifacts' is not required, skipping update.
[        ] [        ] Artifact Instance of 'IosUsbArtifacts' is not required, skipping update.
[        ] [        ] Artifact Instance of 'IosUsbArtifacts' is not required, skipping update.
[        ] [        ] Artifact Instance of 'FontSubsetArtifacts' is not required, skipping update.
[        ] [        ] Artifact Instance of 'PubDependencies' is not required, skipping update.
[  +15 ms] [  +16 ms] Initializing file store
[   +3 ms] [   +3 ms] Done initializing file store
[  +16 ms] [  +16 ms] Skipping target: gen_localizations
[   +3 ms] [   +3 ms] Skipping target: gen_dart_plugin_registrant
[   +1 ms] [   +1 ms] Skipping target: debug_macos_framework
[ +243 ms] [ +242 ms] Skipping target: debug_unpack_macos
[ +328 ms] [ +328 ms] Skipping target: kernel_snapshot
[ +249 ms] [ +249 ms] Skipping target: debug_macos_bundle_flutter_assets
[        ] [        ] Persisting file store
[   +4 ms] [   +4 ms] Done persisting file store
[   +2 ms] [   +2 ms] build succeeded.
[   +4 ms] [   +4 ms] "flutter assemble" took 956ms.
[ +114 ms] [ +113 ms] ensureAnalyticsSent: 112ms
[        ] [        ] Running 0 shutdown hooks
[        ] [        ] Shutdown hooks complete
[        ] [        ] exiting with code 0
[  +11 ms] note: Run script build phase 'Run Script' will be run during every build because the option to run the script phase "Based on dependency analysis" is unchecked. (in target 'Runner' from project 'Runner')
[        ] SwiftDriver Runner normal arm64 com.apple.xcode.tools.swift.compiler (in target 'Runner' from project 'Runner')
[        ]     cd /Users/gaetan/dev/macos_sandbox_bug/macos
[        ]     builtin-SwiftDriver -- /Applications/Xcode-14.2.0-release-candidate.app/Contents/Developer/Toolchains/XcodeDefault.xctoolchain/usr/bin/swiftc -module-name macos_sandbox_bug -Onone -enforce-exclusivity\=checked @/Users/gaetan/dev/macos_sandbox_bug/build/macos/Build/Intermediates.noindex/Runner.build/Debug/Runner.build/Objects-normal/arm64/macos_sandbox_bug.SwiftFileList -DDEBUG -D COCOAPODS -sdk /Applications/Xcode-14.2.0-release-candidate.app/Contents/Developer/Platforms/MacOSX.platform/Developer/SDKs/MacOSX13.1.sdk -target arm64-apple-macos10.15 -enable-bare-slash-regex -g -module-cache-path /Users/gaetan/dev/macos_sandbox_bug/build/macos/ModuleCache.noindex -Xfrontend -serialize-debugging-options -enable-testing -swift-version 5 -I /Users/gaetan/dev/macos_sandbox_bug/build/macos/Build/Products/Debug -F /Users/gaetan/dev/macos_sandbox_bug/build/macos/Build/Products/Debug -F /Users/gaetan/dev/macos_sandbox_bug/build/macos/Build/Products/Debug/device_calendar -c -j10 -enable-batch-mode -incremental -output-file-map /Users/gaetan/dev/macos_sandbox_bug/build/macos/Build/Intermediates.noindex/Runner.build/Debug/Runner.build/Objects-normal/arm64/Runner-OutputFileMap.json -use-frontend-parseable-output -save-temps -no-color-diagnostics -serialize-diagnostics -emit-dependencies -emit-module -emit-module-path /Users/gaetan/dev/macos_sandbox_bug/build/macos/Build/Intermediates.noindex/Runner.build/Debug/Runner.build/Objects-normal/arm64/macos_sandbox_bug.swiftmodule -Xcc -I/Users/gaetan/dev/macos_sandbox_bug/build/macos/Build/Intermediates.noindex/Runner.build/Debug/Runner.build/swift-overrides.hmap -Xcc -iquote -Xcc /Users/gaetan/dev/macos_sandbox_bug/build/macos/Build/Intermediates.noindex/Runner.build/Debug/Runner.build/macos_sandbox_bug-generated-files.hmap -Xcc -I/Users/gaetan/dev/macos_sandbox_bug/build/macos/Build/Intermediates.noindex/Runner.build/Debug/Runner.build/macos_sandbox_bug-own-target-headers.hmap -Xcc -I/Users/gaetan/dev/macos_sandbox_bug/build/macos/Build/Intermediates.noindex/Runner.build/Debug/Runner.build/macos_sandbox_bug-all-non-framework-target-headers.hmap -Xcc -ivfsoverlay -Xcc /Users/gaetan/dev/macos_sandbox_bug/build/macos/Build/Intermediates.noindex/Runner.build/Debug/Runner.build/all-product-headers.yaml -Xcc -iquote -Xcc /Users/gaetan/dev/macos_sandbox_bug/build/macos/Build/Intermediates.noindex/Runner.build/Debug/Runner.build/macos_sandbox_bug-project-headers.hmap -Xcc -I/Users/gaetan/dev/macos_sandbox_bug/build/macos/Build/Products/Debug/include -Xcc -I/Users/gaetan/dev/macos_sandbox_bug/build/macos/Build/Products/Debug/device_calendar/device_calendar.framework/Headers -Xcc -I/Users/gaetan/dev/macos_sandbox_bug/build/macos/Build/Intermediates.noindex/Runner.build/Debug/Runner.build/DerivedSources-normal/arm64 -Xcc -I/Users/gaetan/dev/macos_sandbox_bug/build/macos/Build/Intermediates.noindex/Runner.build/Debug/Runner.build/DerivedSources/arm64 -Xcc -I/Users/gaetan/dev/macos_sandbox_bug/build/macos/Build/Intermediates.noindex/Runner.build/Debug/Runner.build/DerivedSources -Xcc -DDEBUG\=1 -Xcc -DCOCOAPODS\=1 -emit-objc-header -emit-objc-header-path /Users/gaetan/dev/macos_sandbox_bug/build/macos/Build/Intermediates.noindex/Runner.build/Debug/Runner.build/Objects-normal/arm64/macos_sandbox_bug-Swift.h -working-directory /Users/gaetan/dev/macos_sandbox_bug/macos -experimental-emit-module-separately
[  +44 ms] SwiftCompile normal arm64 Compiling\ GeneratedPluginRegistrant.swift /Users/gaetan/dev/macos_sandbox_bug/macos/Flutter/GeneratedPluginRegistrant.swift (in target 'Runner' from project 'Runner')
[        ]     cd /Users/gaetan/dev/macos_sandbox_bug/macos
[        ]     builtin-swiftTaskExecution -- /Applications/Xcode-14.2.0-release-candidate.app/Contents/Developer/Toolchains/XcodeDefault.xctoolchain/usr/bin/swift-frontend -frontend -c /Users/gaetan/dev/macos_sandbox_bug/macos/Runner/MainFlutterWindow.swift /Users/gaetan/dev/macos_sandbox_bug/macos/Runner/AppDelegate.swift -primary-file /Users/gaetan/dev/macos_sandbox_bug/macos/Flutter/GeneratedPluginRegistrant.swift -emit-dependencies-path /Users/gaetan/dev/macos_sandbox_bug/build/macos/Build/Intermediates.noindex/Runner.build/Debug/Runner.build/Objects-normal/arm64/GeneratedPluginRegistrant.d -emit-reference-dependencies-path /Users/gaetan/dev/macos_sandbox_bug/build/macos/Build/Intermediates.noindex/Runner.build/Debug/Runner.build/Objects-normal/arm64/GeneratedPluginRegistrant.swiftdeps -serialize-diagnostics-path /Users/gaetan/dev/macos_sandbox_bug/build/macos/Build/Intermediates.noindex/Runner.build/Debug/Runner.build/Objects-normal/arm64/GeneratedPluginRegistrant.dia -target arm64-apple-macos10.15 -Xllvm -aarch64-use-tbi -enable-objc-interop -stack-check -sdk /Applications/Xcode-14.2.0-release-candidate.app/Contents/Developer/Platforms/MacOSX.platform/Developer/SDKs/MacOSX13.1.sdk -I /Users/gaetan/dev/macos_sandbox_bug/build/macos/Build/Products/Debug -F /Users/gaetan/dev/macos_sandbox_bug/build/macos/Build/Products/Debug -F /Users/gaetan/dev/macos_sandbox_bug/build/macos/Build/Products/Debug/device_calendar -no-color-diagnostics -enable-testing -g -module-cache-path /Users/gaetan/dev/macos_sandbox_bug/build/macos/ModuleCache.noindex -swift-version 5 -enforce-exclusivity\=checked -Onone -D DEBUG -D COCOAPODS -serialize-debugging-options -enable-bare-slash-regex -empty-abi-descriptor -Xcc -working-directory -Xcc /Users/gaetan/dev/macos_sandbox_bug/macos -resource-dir /Applications/Xcode-14.2.0-release-candidate.app/Contents/Developer/Toolchains/XcodeDefault.xctoolchain/usr/lib/swift -enable-anonymous-context-mangled-names -Xcc -I/Users/gaetan/dev/macos_sandbox_bug/build/macos/Build/Intermediates.noindex/Runner.build/Debug/Runner.build/swift-overrides.hmap -Xcc -iquote -Xcc /Users/gaetan/dev/macos_sandbox_bug/build/macos/Build/Intermediates.noindex/Runner.build/Debug/Runner.build/macos_sandbox_bug-generated-files.hmap -Xcc -I/Users/gaetan/dev/macos_sandbox_bug/build/macos/Build/Intermediates.noindex/Runner.build/Debug/Runner.build/macos_sandbox_bug-own-target-headers.hmap -Xcc -I/Users/gaetan/dev/macos_sandbox_bug/build/macos/Build/Intermediates.noindex/Runner.build/Debug/Runner.build/macos_sandbox_bug-all-non-framework-target-headers.hmap -Xcc -ivfsoverlay -Xcc /Users/gaetan/dev/macos_sandbox_bug/build/macos/Build/Intermediates.noindex/Runner.build/Debug/Runner.build/all-product-headers.yaml -Xcc -iquote -Xcc /Users/gaetan/dev/macos_sandbox_bug/build/macos/Build/Intermediates.noindex/Runner.build/Debug/Runner.build/macos_sandbox_bug-project-headers.hmap -Xcc -I/Users/gaetan/dev/macos_sandbox_bug/build/macos/Build/Products/Debug/include -Xcc -I/Users/gaetan/dev/macos_sandbox_bug/build/macos/Build/Products/Debug/device_calendar/device_calendar.framework/Headers -Xcc -I/Users/gaetan/dev/macos_sandbox_bug/build/macos/Build/Intermediates.noindex/Runner.build/Debug/Runner.build/DerivedSources-normal/arm64 -Xcc -I/Users/gaetan/dev/macos_sandbox_bug/build/macos/Build/Intermediates.noindex/Runner.build/Debug/Runner.build/DerivedSources/arm64 -Xcc -I/Users/gaetan/dev/macos_sandbox_bug/build/macos/Build/Intermediates.noindex/Runner.build/Debug/Runner.build/DerivedSources -Xcc -DDEBUG\=1 -Xcc -DCOCOAPODS\=1 -module-name macos_sandbox_bug -frontend-parseable-output -disable-clang-spi -target-sdk-version 13.1 -o /Users/gaetan/dev/macos_sandbox_bug/build/macos/Build/Intermediates.noindex/Runner.build/Debug/Runner.build/Objects-normal/arm64/GeneratedPluginRegistrant.o -index-unit-output-path /Runner.build/Debug/Runner.build/Objects-normal/arm64/GeneratedPluginRegistrant.o
[   +9 ms] CompileSwift normal arm64 /Users/gaetan/dev/macos_sandbox_bug/macos/Flutter/GeneratedPluginRegistrant.swift (in target 'Runner' from project 'Runner')
[        ]     cd /Users/gaetan/dev/macos_sandbox_bug/macos
[        ]     /Applications/Xcode-14.2.0-release-candidate.app/Contents/Developer/Toolchains/XcodeDefault.xctoolchain/usr/bin/swift-frontend -c /Users/gaetan/dev/macos_sandbox_bug/macos/Runner/MainFlutterWindow.swift /Users/gaetan/dev/macos_sandbox_bug/macos/Runner/AppDelegate.swift -primary-file /Users/gaetan/dev/macos_sandbox_bug/macos/Flutter/GeneratedPluginRegistrant.swift -emit-dependencies-path /Users/gaetan/dev/macos_sandbox_bug/build/macos/Build/Intermediates.noindex/Runner.build/Debug/Runner.build/Objects-normal/arm64/GeneratedPluginRegistrant.d -emit-reference-dependencies-path /Users/gaetan/dev/macos_sandbox_bug/build/macos/Build/Intermediates.noindex/Runner.build/Debug/Runner.build/Objects-normal/arm64/GeneratedPluginRegistrant.swiftdeps -serialize-diagnostics-path /Users/gaetan/dev/macos_sandbox_bug/build/macos/Build/Intermediates.noindex/Runner.build/Debug/Runner.build/Objects-normal/arm64/GeneratedPluginRegistrant.dia -target arm64-apple-macos10.15 -Xllvm -aarch64-use-tbi -enable-objc-interop -stack-check -sdk /Applications/Xcode-14.2.0-release-candidate.app/Contents/Developer/Platforms/MacOSX.platform/Developer/SDKs/MacOSX13.1.sdk -I /Users/gaetan/dev/macos_sandbox_bug/build/macos/Build/Products/Debug -F /Users/gaetan/dev/macos_sandbox_bug/build/macos/Build/Products/Debug -F /Users/gaetan/dev/macos_sandbox_bug/build/macos/Build/Products/Debug/device_calendar -no-color-diagnostics -enable-testing -g -module-cache-path /Users/gaetan/dev/macos_sandbox_bug/build/macos/ModuleCache.noindex -swift-version 5 -enforce-exclusivity\=checked -Onone -D DEBUG -D COCOAPODS -serialize-debugging-options -enable-bare-slash-regex -empty-abi-descriptor -Xcc -working-directory -Xcc /Users/gaetan/dev/macos_sandbox_bug/macos -resource-dir /Applications/Xcode-14.2.0-release-candidate.app/Contents/Developer/Toolchains/XcodeDefault.xctoolchain/usr/lib/swift -enable-anonymous-context-mangled-names -Xcc -I/Users/gaetan/dev/macos_sandbox_bug/build/macos/Build/Intermediates.noindex/Runner.build/Debug/Runner.build/swift-overrides.hmap -Xcc -iquote -Xcc /Users/gaetan/dev/macos_sandbox_bug/build/macos/Build/Intermediates.noindex/Runner.build/Debug/Runner.build/macos_sandbox_bug-generated-files.hmap -Xcc -I/Users/gaetan/dev/macos_sandbox_bug/build/macos/Build/Intermediates.noindex/Runner.build/Debug/Runner.build/macos_sandbox_bug-own-target-headers.hmap -Xcc -I/Users/gaetan/dev/macos_sandbox_bug/build/macos/Build/Intermediates.noindex/Runner.build/Debug/Runner.build/macos_sandbox_bug-all-non-framework-target-headers.hmap -Xcc -ivfsoverlay -Xcc /Users/gaetan/dev/macos_sandbox_bug/build/macos/Build/Intermediates.noindex/Runner.build/Debug/Runner.build/all-product-headers.yaml -Xcc -iquote -Xcc /Users/gaetan/dev/macos_sandbox_bug/build/macos/Build/Intermediates.noindex/Runner.build/Debug/Runner.build/macos_sandbox_bug-project-headers.hmap -Xcc -I/Users/gaetan/dev/macos_sandbox_bug/build/macos/Build/Products/Debug/include -Xcc -I/Users/gaetan/dev/macos_sandbox_bug/build/macos/Build/Products/Debug/device_calendar/device_calendar.framework/Headers -Xcc -I/Users/gaetan/dev/macos_sandbox_bug/build/macos/Build/Intermediates.noindex/Runner.build/Debug/Runner.build/DerivedSources-normal/arm64 -Xcc -I/Users/gaetan/dev/macos_sandbox_bug/build/macos/Build/Intermediates.noindex/Runner.build/Debug/Runner.build/DerivedSources/arm64 -Xcc -I/Users/gaetan/dev/macos_sandbox_bug/build/macos/Build/Intermediates.noindex/Runner.build/Debug/Runner.build/DerivedSources -Xcc -DDEBUG\=1 -Xcc -DCOCOAPODS\=1 -module-name macos_sandbox_bug -frontend-parseable-output -disable-clang-spi -target-sdk-version 13.1 -o /Users/gaetan/dev/macos_sandbox_bug/build/macos/Build/Intermediates.noindex/Runner.build/Debug/Runner.build/Objects-normal/arm64/GeneratedPluginRegistrant.o -index-unit-output-path /Runner.build/Debug/Runner.build/Objects-normal/arm64/GeneratedPluginRegistrant.o
[ +115 ms] SwiftDriverJobDiscovery normal arm64 Compiling GeneratedPluginRegistrant.swift (in target 'Runner' from project 'Runner')
[        ] SwiftDriver\ Compilation Runner normal arm64 com.apple.xcode.tools.swift.compiler (in target 'Runner' from project 'Runner')
[        ]     cd /Users/gaetan/dev/macos_sandbox_bug/macos
[        ]     builtin-Swift-Compilation -- /Applications/Xcode-14.2.0-release-candidate.app/Contents/Developer/Toolchains/XcodeDefault.xctoolchain/usr/bin/swiftc -module-name macos_sandbox_bug -Onone -enforce-exclusivity\=checked @/Users/gaetan/dev/macos_sandbox_bug/build/macos/Build/Intermediates.noindex/Runner.build/Debug/Runner.build/Objects-normal/arm64/macos_sandbox_bug.SwiftFileList -DDEBUG -D COCOAPODS -sdk /Applications/Xcode-14.2.0-release-candidate.app/Contents/Developer/Platforms/MacOSX.platform/Developer/SDKs/MacOSX13.1.sdk -target arm64-apple-macos10.15 -enable-bare-slash-regex -g -module-cache-path /Users/gaetan/dev/macos_sandbox_bug/build/macos/ModuleCache.noindex -Xfrontend -serialize-debugging-options -enable-testing -swift-version 5 -I /Users/gaetan/dev/macos_sandbox_bug/build/macos/Build/Products/Debug -F /Users/gaetan/dev/macos_sandbox_bug/build/macos/Build/Products/Debug -F /Users/gaetan/dev/macos_sandbox_bug/build/macos/Build/Products/Debug/device_calendar -c -j10 -enable-batch-mode -incremental -output-file-map /Users/gaetan/dev/macos_sandbox_bug/build/macos/Build/Intermediates.noindex/Runner.build/Debug/Runner.build/Objects-normal/arm64/Runner-OutputFileMap.json -use-frontend-parseable-output -save-temps -no-color-diagnostics -serialize-diagnostics -emit-dependencies -emit-module -emit-module-path /Users/gaetan/dev/macos_sandbox_bug/build/macos/Build/Intermediates.noindex/Runner.build/Debug/Runner.build/Objects-normal/arm64/macos_sandbox_bug.swiftmodule -Xcc -I/Users/gaetan/dev/macos_sandbox_bug/build/macos/Build/Intermediates.noindex/Runner.build/Debug/Runner.build/swift-overrides.hmap -Xcc -iquote -Xcc /Users/gaetan/dev/macos_sandbox_bug/build/macos/Build/Intermediates.noindex/Runner.build/Debug/Runner.build/macos_sandbox_bug-generated-files.hmap -Xcc -I/Users/gaetan/dev/macos_sandbox_bug/build/macos/Build/Intermediates.noindex/Runner.build/Debug/Runner.build/macos_sandbox_bug-own-target-headers.hmap -Xcc -I/Users/gaetan/dev/macos_sandbox_bug/build/macos/Build/Intermediates.noindex/Runner.build/Debug/Runner.build/macos_sandbox_bug-all-non-framework-target-headers.hmap -Xcc -ivfsoverlay -Xcc /Users/gaetan/dev/macos_sandbox_bug/build/macos/Build/Intermediates.noindex/Runner.build/Debug/Runner.build/all-product-headers.yaml -Xcc -iquote -Xcc /Users/gaetan/dev/macos_sandbox_bug/build/macos/Build/Intermediates.noindex/Runner.build/Debug/Runner.build/macos_sandbox_bug-project-headers.hmap -Xcc -I/Users/gaetan/dev/macos_sandbox_bug/build/macos/Build/Products/Debug/include -Xcc -I/Users/gaetan/dev/macos_sandbox_bug/build/macos/Build/Products/Debug/device_calendar/device_calendar.framework/Headers -Xcc -I/Users/gaetan/dev/macos_sandbox_bug/build/macos/Build/Intermediates.noindex/Runner.build/Debug/Runner.build/DerivedSources-normal/arm64 -Xcc -I/Users/gaetan/dev/macos_sandbox_bug/build/macos/Build/Intermediates.noindex/Runner.build/Debug/Runner.build/DerivedSources/arm64 -Xcc -I/Users/gaetan/dev/macos_sandbox_bug/build/macos/Build/Intermediates.noindex/Runner.build/Debug/Runner.build/DerivedSources -Xcc -DDEBUG\=1 -Xcc -DCOCOAPODS\=1 -emit-objc-header -emit-objc-header-path /Users/gaetan/dev/macos_sandbox_bug/build/macos/Build/Intermediates.noindex/Runner.build/Debug/Runner.build/Objects-normal/arm64/macos_sandbox_bug-Swift.h -working-directory /Users/gaetan/dev/macos_sandbox_bug/macos -experimental-emit-module-separately
[   +1 ms] Ld /Users/gaetan/dev/macos_sandbox_bug/build/macos/Build/Products/Debug/macos_sandbox_bug.app/Contents/MacOS/macos_sandbox_bug normal (in target 'Runner' from project 'Runner')
[        ]     cd /Users/gaetan/dev/macos_sandbox_bug/macos
[        ]     /Applications/Xcode-14.2.0-release-candidate.app/Contents/Developer/Toolchains/XcodeDefault.xctoolchain/usr/bin/clang -target arm64-apple-macos10.15 -isysroot /Applications/Xcode-14.2.0-release-candidate.app/Contents/Developer/Platforms/MacOSX.platform/Developer/SDKs/MacOSX13.1.sdk -L/Users/gaetan/dev/macos_sandbox_bug/build/macos/Build/Intermediates.noindex/EagerLinkingTBDs -L/Users/gaetan/dev/macos_sandbox_bug/build/macos/Build/Products/Debug -L/Applications/Xcode-14.2.0-release-candidate.app/Contents/Developer/Toolchains/XcodeDefault.xctoolchain/usr/lib/swift/macosx -L/Applications/Xcode-14.2.0-release-candidate.app/Contents/Developer/Platforms/MacOSX.platform/Developer/SDKs/MacOSX13.1.sdk/usr/lib/swift -F/Users/gaetan/dev/macos_sandbox_bug/build/macos/Build/Intermediates.noindex/EagerLinkingTBDs -F/Users/gaetan/dev/macos_sandbox_bug/build/macos/Build/Products/Debug -F/Users/gaetan/dev/macos_sandbox_bug/build/macos/Build/Products/Debug/device_calendar -filelist /Users/gaetan/dev/macos_sandbox_bug/build/macos/Build/Intermediates.noindex/Runner.build/Debug/Runner.build/Objects-normal/arm64/macos_sandbox_bug.LinkFileList -Xlinker -rpath -Xlinker /usr/lib/swift -Xlinker -rpath -Xlinker /usr/lib/swift -Xlinker -rpath -Xlinker @executable_path/../Frameworks -Xlinker -rpath -Xlinker @loader_path/Frameworks -Xlinker -rpath -Xlinker /Applications/Xcode-14.2.0-release-candidate.app/Contents/Developer/Toolchains/XcodeDefault.xctoolchain/usr/lib/swift/macosx -Xlinker -rpath -Xlinker @executable_path/../Frameworks -Xlinker -object_path_lto -Xlinker /Users/gaetan/dev/macos_sandbox_bug/build/macos/Build/Intermediates.noindex/Runner.build/Debug/Runner.build/Objects-normal/arm64/macos_sandbox_bug_lto.o -Xlinker -export_dynamic -Xlinker -no_deduplicate -fobjc-link-runtime -L/Applications/Xcode-14.2.0-release-candidate.app/Contents/Developer/Toolchains/XcodeDefault.xctoolchain/usr/lib/swift/macosx -L/usr/lib/swift -Xlinker -add_ast_path -Xlinker /Users/gaetan/dev/macos_sandbox_bug/build/macos/Build/Intermediates.noindex/Runner.build/Debug/Runner.build/Objects-normal/arm64/macos_sandbox_bug.swiftmodule -framework device_calendar -framework Pods_Runner -Xlinker -no_adhoc_codesign -Xlinker -dependency_info -Xlinker /Users/gaetan/dev/macos_sandbox_bug/build/macos/Build/Intermediates.noindex/Runner.build/Debug/Runner.build/Objects-normal/arm64/macos_sandbox_bug_dependency_info.dat -o /Users/gaetan/dev/macos_sandbox_bug/build/macos/Build/Products/Debug/macos_sandbox_bug.app/Contents/MacOS/macos_sandbox_bug
[ +165 ms] SwiftEmitModule normal arm64 Emitting\ module\ for\ macos_sandbox_bug (in target 'Runner' from project 'Runner')
[        ]     cd /Users/gaetan/dev/macos_sandbox_bug/macos
[        ]     builtin-swiftTaskExecution -- /Applications/Xcode-14.2.0-release-candidate.app/Contents/Developer/Toolchains/XcodeDefault.xctoolchain/usr/bin/swift-frontend -frontend -emit-module -experimental-skip-non-inlinable-function-bodies-without-types /Users/gaetan/dev/macos_sandbox_bug/macos/Runner/MainFlutterWindow.swift /Users/gaetan/dev/macos_sandbox_bug/macos/Runner/AppDelegate.swift /Users/gaetan/dev/macos_sandbox_bug/macos/Flutter/GeneratedPluginRegistrant.swift -target arm64-apple-macos10.15 -Xllvm -aarch64-use-tbi -enable-objc-interop -stack-check -sdk /Applications/Xcode-14.2.0-release-candidate.app/Contents/Developer/Platforms/MacOSX.platform/Developer/SDKs/MacOSX13.1.sdk -I /Users/gaetan/dev/macos_sandbox_bug/build/macos/Build/Products/Debug -F /Users/gaetan/dev/macos_sandbox_bug/build/macos/Build/Products/Debug -F /Users/gaetan/dev/macos_sandbox_bug/build/macos/Build/Products/Debug/device_calendar -no-color-diagnostics -enable-testing -g -module-cache-path /Users/gaetan/dev/macos_sandbox_bug/build/macos/ModuleCache.noindex -swift-version 5 -enforce-exclusivity\=checked -Onone -D DEBUG -D COCOAPODS -serialize-debugging-options -enable-bare-slash-regex -empty-abi-descriptor -Xcc -working-directory -Xcc /Users/gaetan/dev/macos_sandbox_bug/macos -resource-dir /Applications/Xcode-14.2.0-release-candidate.app/Contents/Developer/Toolchains/XcodeDefault.xctoolchain/usr/lib/swift -enable-anonymous-context-mangled-names -Xcc -I/Users/gaetan/dev/macos_sandbox_bug/build/macos/Build/Intermediates.noindex/Runner.build/Debug/Runner.build/swift-overrides.hmap -Xcc -iquote -Xcc /Users/gaetan/dev/macos_sandbox_bug/build/macos/Build/Intermediates.noindex/Runner.build/Debug/Runner.build/macos_sandbox_bug-generated-files.hmap -Xcc -I/Users/gaetan/dev/macos_sandbox_bug/build/macos/Build/Intermediates.noindex/Runner.build/Debug/Runner.build/macos_sandbox_bug-own-target-headers.hmap -Xcc -I/Users/gaetan/dev/macos_sandbox_bug/build/macos/Build/Intermediates.noindex/Runner.build/Debug/Runner.build/macos_sandbox_bug-all-non-framework-target-headers.hmap -Xcc -ivfsoverlay -Xcc /Users/gaetan/dev/macos_sandbox_bug/build/macos/Build/Intermediates.noindex/Runner.build/Debug/Runner.build/all-product-headers.yaml -Xcc -iquote -Xcc /Users/gaetan/dev/macos_sandbox_bug/build/macos/Build/Intermediates.noindex/Runner.build/Debug/Runner.build/macos_sandbox_bug-project-headers.hmap -Xcc -I/Users/gaetan/dev/macos_sandbox_bug/build/macos/Build/Products/Debug/include -Xcc -I/Users/gaetan/dev/macos_sandbox_bug/build/macos/Build/Products/Debug/device_calendar/device_calendar.framework/Headers -Xcc -I/Users/gaetan/dev/macos_sandbox_bug/build/macos/Build/Intermediates.noindex/Runner.build/Debug/Runner.build/DerivedSources-normal/arm64 -Xcc -I/Users/gaetan/dev/macos_sandbox_bug/build/macos/Build/Intermediates.noindex/Runner.build/Debug/Runner.build/DerivedSources/arm64 -Xcc -I/Users/gaetan/dev/macos_sandbox_bug/build/macos/Build/Intermediates.noindex/Runner.build/Debug/Runner.build/DerivedSources -Xcc -DDEBUG\=1 -Xcc -DCOCOAPODS\=1 -module-name macos_sandbox_bug -disable-clang-spi -target-sdk-version 13.1 -emit-module-doc-path /Users/gaetan/dev/macos_sandbox_bug/build/macos/Build/Intermediates.noindex/Runner.build/Debug/Runner.build/Objects-normal/arm64/macos_sandbox_bug.swiftdoc -emit-module-source-info-path /Users/gaetan/dev/macos_sandbox_bug/build/macos/Build/Intermediates.noindex/Runner.build/Debug/Runner.build/Objects-normal/arm64/macos_sandbox_bug.swiftsourceinfo -emit-objc-header-path /Users/gaetan/dev/macos_sandbox_bug/build/macos/Build/Intermediates.noindex/Runner.build/Debug/Runner.build/Objects-normal/arm64/macos_sandbox_bug-Swift.h -serialize-diagnostics-path /Users/gaetan/dev/macos_sandbox_bug/build/macos/Build/Intermediates.noindex/Runner.build/Debug/Runner.build/Objects-normal/arm64/Runner-master-emit-module.dia -emit-dependencies-path /Users/gaetan/dev/macos_sandbox_bug/build/macos/Build/Intermediates.noindex/Runner.build/Debug/Runner.build/Objects-normal/arm64/Runner-master-emit-module.d -o /Users/gaetan/dev/macos_sandbox_bug/build/macos/Build/Intermediates.noindex/Runner.build/Debug/Runner.build/Objects-normal/arm64/macos_sandbox_bug.swiftmodule -emit-abi-descriptor-path /Users/gaetan/dev/macos_sandbox_bug/build/macos/Build/Intermediates.noindex/Runner.build/Debug/Runner.build/Objects-normal/arm64/macos_sandbox_bug.abi.json
[        ] SwiftDriverJobDiscovery normal arm64 Emitting module for macos_sandbox_bug (in target 'Runner' from project 'Runner')
[        ] SwiftDriver\ Compilation\ Requirements Runner normal arm64 com.apple.xcode.tools.swift.compiler (in target 'Runner' from project 'Runner')
[        ]     cd /Users/gaetan/dev/macos_sandbox_bug/macos
[        ]     builtin-Swift-Compilation-Requirements -- /Applications/Xcode-14.2.0-release-candidate.app/Contents/Developer/Toolchains/XcodeDefault.xctoolchain/usr/bin/swiftc -module-name macos_sandbox_bug -Onone -enforce-exclusivity\=checked @/Users/gaetan/dev/macos_sandbox_bug/build/macos/Build/Intermediates.noindex/Runner.build/Debug/Runner.build/Objects-normal/arm64/macos_sandbox_bug.SwiftFileList -DDEBUG -D COCOAPODS -sdk /Applications/Xcode-14.2.0-release-candidate.app/Contents/Developer/Platforms/MacOSX.platform/Developer/SDKs/MacOSX13.1.sdk -target arm64-apple-macos10.15 -enable-bare-slash-regex -g -module-cache-path /Users/gaetan/dev/macos_sandbox_bug/build/macos/ModuleCache.noindex -Xfrontend -serialize-debugging-options -enable-testing -swift-version 5 -I /Users/gaetan/dev/macos_sandbox_bug/build/macos/Build/Products/Debug -F /Users/gaetan/dev/macos_sandbox_bug/build/macos/Build/Products/Debug -F /Users/gaetan/dev/macos_sandbox_bug/build/macos/Build/Products/Debug/device_calendar -c -j10 -enable-batch-mode -incremental -output-file-map /Users/gaetan/dev/macos_sandbox_bug/build/macos/Build/Intermediates.noindex/Runner.build/Debug/Runner.build/Objects-normal/arm64/Runner-OutputFileMap.json -use-frontend-parseable-output -save-temps -no-color-diagnostics -serialize-diagnostics -emit-dependencies -emit-module -emit-module-path /Users/gaetan/dev/macos_sandbox_bug/build/macos/Build/Intermediates.noindex/Runner.build/Debug/Runner.build/Objects-normal/arm64/macos_sandbox_bug.swiftmodule -Xcc -I/Users/gaetan/dev/macos_sandbox_bug/build/macos/Build/Intermediates.noindex/Runner.build/Debug/Runner.build/swift-overrides.hmap -Xcc -iquote -Xcc /Users/gaetan/dev/macos_sandbox_bug/build/macos/Build/Intermediates.noindex/Runner.build/Debug/Runner.build/macos_sandbox_bug-generated-files.hmap -Xcc -I/Users/gaetan/dev/macos_sandbox_bug/build/macos/Build/Intermediates.noindex/Runner.build/Debug/Runner.build/macos_sandbox_bug-own-target-headers.hmap -Xcc -I/Users/gaetan/dev/macos_sandbox_bug/build/macos/Build/Intermediates.noindex/Runner.build/Debug/Runner.build/macos_sandbox_bug-all-non-framework-target-headers.hmap -Xcc -ivfsoverlay -Xcc /Users/gaetan/dev/macos_sandbox_bug/build/macos/Build/Intermediates.noindex/Runner.build/Debug/Runner.build/all-product-headers.yaml -Xcc -iquote -Xcc /Users/gaetan/dev/macos_sandbox_bug/build/macos/Build/Intermediates.noindex/Runner.build/Debug/Runner.build/macos_sandbox_bug-project-headers.hmap -Xcc -I/Users/gaetan/dev/macos_sandbox_bug/build/macos/Build/Products/Debug/include -Xcc -I/Users/gaetan/dev/macos_sandbox_bug/build/macos/Build/Products/Debug/device_calendar/device_calendar.framework/Headers -Xcc -I/Users/gaetan/dev/macos_sandbox_bug/build/macos/Build/Intermediates.noindex/Runner.build/Debug/Runner.build/DerivedSources-normal/arm64 -Xcc -I/Users/gaetan/dev/macos_sandbox_bug/build/macos/Build/Intermediates.noindex/Runner.build/Debug/Runner.build/DerivedSources/arm64 -Xcc -I/Users/gaetan/dev/macos_sandbox_bug/build/macos/Build/Intermediates.noindex/Runner.build/Debug/Runner.build/DerivedSources -Xcc -DDEBUG\=1 -Xcc -DCOCOAPODS\=1 -emit-objc-header -emit-objc-header-path /Users/gaetan/dev/macos_sandbox_bug/build/macos/Build/Intermediates.noindex/Runner.build/Debug/Runner.build/Objects-normal/arm64/macos_sandbox_bug-Swift.h -working-directory /Users/gaetan/dev/macos_sandbox_bug/macos -experimental-emit-module-separately
[        ] Copy /Users/gaetan/dev/macos_sandbox_bug/build/macos/Build/Products/Debug/macos_sandbox_bug.swiftmodule/Project/arm64-apple-macos.swiftsourceinfo /Users/gaetan/dev/macos_sandbox_bug/build/macos/Build/Intermediates.noindex/Runner.build/Debug/Runner.build/Objects-normal/arm64/macos_sandbox_bug.swiftsourceinfo (in target 'Runner' from project 'Runner')
[        ]     cd /Users/gaetan/dev/macos_sandbox_bug/macos
[        ]     builtin-copy -exclude .DS_Store -exclude CVS -exclude .svn -exclude .git -exclude .hg -resolve-src-symlinks -rename /Users/gaetan/dev/macos_sandbox_bug/build/macos/Build/Intermediates.noindex/Runner.build/Debug/Runner.build/Objects-normal/arm64/macos_sandbox_bug.swiftsourceinfo /Users/gaetan/dev/macos_sandbox_bug/build/macos/Build/Products/Debug/macos_sandbox_bug.swiftmodule/Project/arm64-apple-macos.swiftsourceinfo
[        ] Copy /Users/gaetan/dev/macos_sandbox_bug/build/macos/Build/Products/Debug/macos_sandbox_bug.swiftmodule/arm64-apple-macos.abi.json /Users/gaetan/dev/macos_sandbox_bug/build/macos/Build/Intermediates.noindex/Runner.build/Debug/Runner.build/Objects-normal/arm64/macos_sandbox_bug.abi.json (in target 'Runner' from project 'Runner')
[        ]     cd /Users/gaetan/dev/macos_sandbox_bug/macos
[        ]     builtin-copy -exclude .DS_Store -exclude CVS -exclude .svn -exclude .git -exclude .hg -resolve-src-symlinks -rename /Users/gaetan/dev/macos_sandbox_bug/build/macos/Build/Intermediates.noindex/Runner.build/Debug/Runner.build/Objects-normal/arm64/macos_sandbox_bug.abi.json /Users/gaetan/dev/macos_sandbox_bug/build/macos/Build/Products/Debug/macos_sandbox_bug.swiftmodule/arm64-apple-macos.abi.json
[   +5 ms] PhaseScriptExecution Run\ Script /Users/gaetan/dev/macos_sandbox_bug/build/macos/Build/Intermediates.noindex/Runner.build/Debug/Runner.build/Script-3399D490228B24CF009A79C7.sh (in target 'Runner' from project 'Runner')
[        ]     cd /Users/gaetan/dev/macos_sandbox_bug/macos
[        ]     export ACTION\=build
[        ]     export AD_HOC_CODE_SIGNING_ALLOWED\=YES
[        ]     export ALLOW_TARGET_PLATFORM_SPECIALIZATION\=NO
[        ]     export ALTERNATE_GROUP\=staff
[        ]     export ALTERNATE_MODE\=u+w,go-w,a+rX
[        ]     export ALTERNATE_OWNER\=gaetan
[        ]     export ALWAYS_EMBED_SWIFT_STANDARD_LIBRARIES\=YES
[        ]     export ALWAYS_SEARCH_USER_PATHS\=NO
[        ]     export ALWAYS_USE_SEPARATE_HEADERMAPS\=NO
[        ]     export APPLE_INTERNAL_DEVELOPER_DIR\=/AppleInternal/Developer
[        ]     export APPLE_INTERNAL_DIR\=/AppleInternal
[        ]     export APPLE_INTERNAL_DOCUMENTATION_DIR\=/AppleInternal/Documentation
[        ]     export APPLE_INTERNAL_LIBRARY_DIR\=/AppleInternal/Library
[        ]     export APPLE_INTERNAL_TOOLS\=/AppleInternal/Developer/Tools
[        ]     export APPLICATION_EXTENSION_API_ONLY\=NO
[        ]     export APPLY_RULES_IN_COPY_FILES\=NO
[        ]     export APPLY_RULES_IN_COPY_HEADERS\=NO
[        ]     export ARCHS\=arm64
[        ]     export ARCHS_STANDARD\=arm64\ x86_64
[        ]     export ARCHS_STANDARD_32_64_BIT\=arm64\ x86_64\ i386
[        ]     export ARCHS_STANDARD_32_BIT\=i386
[        ]     export ARCHS_STANDARD_64_BIT\=arm64\ x86_64
[        ]     export ARCHS_STANDARD_INCLUDING_64_BIT\=arm64\ x86_64
[        ]     export ASSETCATALOG_COMPILER_APPICON_NAME\=AppIcon
[        ]     export AVAILABLE_PLATFORMS\=appletvos\ appletvsimulator\ driverkit\ iphoneos\ iphonesimulator\ macosx\ watchos\ watchsimulator
[        ]     export BITCODE_GENERATION_MODE\=marker
[        ]     export BUILD_ACTIVE_RESOURCES_ONLY\=NO
[        ]     export BUILD_COMPONENTS\=headers\ build
[        ]     export BUILD_DIR\=/Users/gaetan/dev/macos_sandbox_bug/build/macos/Build/Products
[        ]     export BUILD_LIBRARY_FOR_DISTRIBUTION\=NO
[        ]     export BUILD_ROOT\=/Users/gaetan/dev/macos_sandbox_bug/build/macos/Build/Products
[        ]     export BUILD_STYLE\=
[        ]     export BUILD_VARIANTS\=normal
[        ]     export BUILT_PRODUCTS_DIR\=/Users/gaetan/dev/macos_sandbox_bug/build/macos/Build/Products/Debug
[        ]     export BUNDLE_CONTENTS_FOLDER_PATH\=Contents/
[        ]     export BUNDLE_CONTENTS_FOLDER_PATH_deep\=Contents/
[        ]     export BUNDLE_EXECUTABLE_FOLDER_NAME_deep\=MacOS
[        ]     export BUNDLE_EXECUTABLE_FOLDER_PATH\=Contents/MacOS
[        ]     export BUNDLE_EXTENSIONS_FOLDER_PATH\=Contents/Extensions
[        ]     export BUNDLE_FORMAT\=deep
[        ]     export BUNDLE_FRAMEWORKS_FOLDER_PATH\=Contents/Frameworks
[        ]     export BUNDLE_PLUGINS_FOLDER_PATH\=Contents/PlugIns
[        ]     export BUNDLE_PRIVATE_HEADERS_FOLDER_PATH\=Contents/PrivateHeaders
[        ]     export BUNDLE_PUBLIC_HEADERS_FOLDER_PATH\=Contents/Headers
[        ]     export CACHE_ROOT\=/var/folders/08/3vvx__9d4jv19m03yxt25pkm0000gn/C/com.apple.DeveloperTools/14.2-14C18/Xcode
[        ]     export CCHROOT\=/var/folders/08/3vvx__9d4jv19m03yxt25pkm0000gn/C/com.apple.DeveloperTools/14.2-14C18/Xcode
[        ]     export CHMOD\=/bin/chmod
[        ]     export CHOWN\=/usr/sbin/chown
[        ]     export CLANG_ANALYZER_NONNULL\=YES
[        ]     export CLANG_ANALYZER_NUMBER_OBJECT_CONVERSION\=YES_AGGRESSIVE
[        ]     export CLANG_CXX_LANGUAGE_STANDARD\=gnu++14
[        ]     export CLANG_CXX_LIBRARY\=libc++
[        ]     export CLANG_ENABLE_MODULES\=YES
[        ]     export CLANG_ENABLE_OBJC_ARC\=YES
[        ]     export CLANG_MODULES_BUILD_SESSION_FILE\=/Users/gaetan/dev/macos_sandbox_bug/build/macos/ModuleCache.noindex/Session.modulevalidation
[        ]     export CLANG_UNDEFINED_BEHAVIOR_SANITIZER_NULLABILITY\=YES
[        ]     export CLANG_WARN_BLOCK_CAPTURE_AUTORELEASING\=YES
[        ]     export CLANG_WARN_BOOL_CONVERSION\=YES
[        ]     export CLANG_WARN_COMMA\=YES
[        ]     export CLANG_WARN_CONSTANT_CONVERSION\=YES
[        ]     export CLANG_WARN_DEPRECATED_OBJC_IMPLEMENTATIONS\=YES
[        ]     export CLANG_WARN_DIRECT_OBJC_ISA_USAGE\=YES_ERROR
[        ]     export CLANG_WARN_DOCUMENTATION_COMMENTS\=YES
[        ]     export CLANG_WARN_EMPTY_BODY\=YES
[        ]     export CLANG_WARN_ENUM_CONVERSION\=YES
[        ]     export CLANG_WARN_INFINITE_RECURSION\=YES
[        ]     export CLANG_WARN_INT_CONVERSION\=YES
[        ]     export CLANG_WARN_NON_LITERAL_NULL_CONVERSION\=YES
[        ]     export CLANG_WARN_OBJC_IMPLICIT_RETAIN_SELF\=YES
[        ]     export CLANG_WARN_OBJC_LITERAL_CONVERSION\=YES
[        ]     export CLANG_WARN_OBJC_REPEATED_USE_OF_WEAK\=YES
[        ]     export CLANG_WARN_OBJC_ROOT_CLASS\=YES_ERROR
[        ]     export CLANG_WARN_PRAGMA_PACK\=YES
[        ]     export CLANG_WARN_QUOTED_INCLUDE_IN_FRAMEWORK_HEADER\=NO
[        ]     export CLANG_WARN_RANGE_LOOP_ANALYSIS\=YES
[        ]     export CLANG_WARN_STRICT_PROTOTYPES\=YES
[        ]     export CLANG_WARN_SUSPICIOUS_MOVE\=YES
[        ]     export CLANG_WARN_UNGUARDED_AVAILABILITY\=YES_AGGRESSIVE
[        ]     export CLANG_WARN_UNREACHABLE_CODE\=YES
[        ]     export CLANG_WARN__DUPLICATE_METHOD_MATCH\=YES
[        ]     export CLASS_FILE_DIR\=/Users/gaetan/dev/macos_sandbox_bug/build/macos/Build/Intermediates.noindex/Runner.build/Debug/Runner.build/JavaClasses
[        ]     export CLEAN_PRECOMPS\=YES
[        ]     export CLONE_HEADERS\=NO
[        ]     export COCOAPODS_PARALLEL_CODE_SIGN\=true
[        ]     export CODESIGNING_FOLDER_PATH\=/Users/gaetan/dev/macos_sandbox_bug/build/macos/Build/Products/Debug/macos_sandbox_bug.app
[        ]     export CODE_SIGNING_ALLOWED\=YES
[        ]     export CODE_SIGNING_REQUIRED\=YES
[        ]     export CODE_SIGN_ENTITLEMENTS\=Runner/DebugProfile.entitlements
[        ]     export CODE_SIGN_IDENTITY\=-
[        ]     export CODE_SIGN_IDENTITY_NO\=Apple\ Development
[        ]     export CODE_SIGN_IDENTITY_YES\=-
[        ]     export CODE_SIGN_INJECT_BASE_ENTITLEMENTS\=YES
[        ]     export CODE_SIGN_STYLE\=Automatic
[        ]     export COLOR_DIAGNOSTICS\=NO
[        ]     export COMBINE_HIDPI_IMAGES\=YES
[        ]     export COMPILER_INDEX_STORE_ENABLE\=NO
[        ]     export COMPOSITE_SDK_DIRS\=/Users/gaetan/dev/macos_sandbox_bug/build/macos/Build/Intermediates.noindex/CompositeSDKs
[        ]     export COMPRESS_PNG_FILES\=NO
[        ]     export CONFIGURATION\=Debug
[        ]     export CONFIGURATION_BUILD_DIR\=/Users/gaetan/dev/macos_sandbox_bug/build/macos/Build/Products/Debug
[        ]     export CONFIGURATION_TEMP_DIR\=/Users/gaetan/dev/macos_sandbox_bug/build/macos/Build/Intermediates.noindex/Runner.build/Debug
[        ]     export CONTENTS_FOLDER_PATH\=macos_sandbox_bug.app/Contents
[        ]     export CONTENTS_FOLDER_PATH_SHALLOW_BUNDLE_NO\=macos_sandbox_bug.app/Contents
[        ]     export CONTENTS_FOLDER_PATH_SHALLOW_BUNDLE_YES\=macos_sandbox_bug.app
[        ]     export COPYING_PRESERVES_HFS_DATA\=NO
[        ]     export COPY_HEADERS_RUN_UNIFDEF\=NO
[        ]     export COPY_PHASE_STRIP\=NO
[        ]     export COPY_RESOURCES_FROM_STATIC_FRAMEWORKS\=YES
[        ]     export CP\=/bin/cp
[        ]     export CREATE_INFOPLIST_SECTION_IN_BINARY\=NO
[        ]     export CURRENT_ARCH\=undefined_arch
[        ]     export CURRENT_VARIANT\=normal
[        ]     export DART_DEFINES\=RkxVVFRFUl9XRUJfQVVUT19ERVRFQ1Q9dHJ1ZQ\=\=
[        ]     export DART_OBFUSCATION\=false
[        ]     export DEAD_CODE_STRIPPING\=NO
[        ]     export DEBUGGING_SYMBOLS\=YES
[        ]     export DEBUG_INFORMATION_FORMAT\=dwarf
[        ]     export DEFAULT_COMPILER\=com.apple.compilers.llvm.clang.1_0
[        ]     export DEFAULT_DEXT_INSTALL_PATH\=/System/Library/DriverExtensions
[        ]     export DEFAULT_KEXT_INSTALL_PATH\=/System/Library/Extensions
[        ]     export DEFINES_MODULE\=NO
[        ]     export DEPLOYMENT_LOCATION\=NO
[        ]     export DEPLOYMENT_POSTPROCESSING\=NO
[        ]     export DEPLOYMENT_TARGET_SETTING_NAME\=MACOSX_DEPLOYMENT_TARGET
[        ]     export DEPLOYMENT_TARGET_SUGGESTED_VALUES\=10.13\ 10.14\ 10.15\ 11.0\ 11.1\ 11.2\ 11.3\ 11.4\ 11.5\ 12.0\ 12.2\ 12.3\ 12.4\ 13.0\ 13.1
[        ]     export DERIVED_FILES_DIR\=/Users/gaetan/dev/macos_sandbox_bug/build/macos/Build/Intermediates.noindex/Runner.build/Debug/Runner.build/DerivedSources
[        ]     export DERIVED_FILE_DIR\=/Users/gaetan/dev/macos_sandbox_bug/build/macos/Build/Intermediates.noindex/Runner.build/Debug/Runner.build/DerivedSources
[        ]     export DERIVED_SOURCES_DIR\=/Users/gaetan/dev/macos_sandbox_bug/build/macos/Build/Intermediates.noindex/Runner.build/Debug/Runner.build/DerivedSources
[        ]     export DEVELOPER_APPLICATIONS_DIR\=/Applications/Xcode-14.2.0-release-candidate.app/Contents/Developer/Applications
[        ]     export DEVELOPER_BIN_DIR\=/Applications/Xcode-14.2.0-release-candidate.app/Contents/Developer/usr/bin
[        ]     export DEVELOPER_DIR\=/Applications/Xcode-14.2.0-release-candidate.app/Contents/Developer
[        ]     export DEVELOPER_FRAMEWORKS_DIR\=/Applications/Xcode-14.2.0-release-candidate.app/Contents/Developer/Library/Frameworks
[        ]     export DEVELOPER_FRAMEWORKS_DIR_QUOTED\=/Applications/Xcode-14.2.0-release-candidate.app/Contents/Developer/Library/Frameworks
[        ]     export DEVELOPER_LIBRARY_DIR\=/Applications/Xcode-14.2.0-release-candidate.app/Contents/Developer/Library
[        ]     export DEVELOPER_SDK_DIR\=/Applications/Xcode-14.2.0-release-candidate.app/Contents/Developer/Platforms/MacOSX.platform/Developer/SDKs
[        ]     export DEVELOPER_TOOLS_DIR\=/Applications/Xcode-14.2.0-release-candidate.app/Contents/Developer/Tools
[        ]     export DEVELOPER_USR_DIR\=/Applications/Xcode-14.2.0-release-candidate.app/Contents/Developer/usr
[        ]     export DEVELOPMENT_LANGUAGE\=en
[        ]     export DOCUMENTATION_FOLDER_PATH\=macos_sandbox_bug.app/Contents/Resources/en.lproj/Documentation
[        ]     export DONT_GENERATE_INFOPLIST_FILE\=NO
[        ]     export DO_HEADER_SCANNING_IN_JAM\=NO
[        ]     export DSTROOT\=/tmp/Runner.dst
[        ]     export DT_TOOLCHAIN_DIR\=/Applications/Xcode-14.2.0-release-candidate.app/Contents/Developer/Toolchains/XcodeDefault.xctoolchain
[        ]     export DWARF_DSYM_FILE_NAME\=macos_sandbox_bug.app.dSYM
[        ]     export DWARF_DSYM_FILE_SHOULD_ACCOMPANY_PRODUCT\=NO
[        ]     export DWARF_DSYM_FOLDER_PATH\=/Users/gaetan/dev/macos_sandbox_bug/build/macos/Build/Products/Debug
[        ]     export DYNAMIC_LIBRARY_EXTENSION\=dylib
[        ]     export EAGER_LINKING\=NO
[        ]     export EMBEDDED_CONTENT_CONTAINS_SWIFT\=NO
[        ]     export EMBEDDED_PROFILE_NAME\=embedded.provisionprofile
[        ]     export EMBED_ASSET_PACKS_IN_PRODUCT_BUNDLE\=NO
[        ]     export ENABLE_APP_SANDBOX\=NO
[        ]     export ENABLE_BITCODE\=NO
[        ]     export ENABLE_DEFAULT_HEADER_SEARCH_PATHS\=YES
[        ]     export ENABLE_DEFAULT_SEARCH_PATHS\=YES
[        ]     export ENABLE_HARDENED_RUNTIME\=NO
[        ]     export ENABLE_HEADER_DEPENDENCIES\=YES
[        ]     export ENABLE_ON_DEMAND_RESOURCES\=NO
[        ]     export ENABLE_PREVIEWS\=NO
[        ]     export ENABLE_STRICT_OBJC_MSGSEND\=YES
[        ]     export ENABLE_TESTABILITY\=YES
[        ]     export ENABLE_TESTING_SEARCH_PATHS\=NO
[        ]     export ENABLE_USER_SCRIPT_SANDBOXING\=NO
[        ]     export ENTITLEMENTS_ALLOWED\=YES
[        ]     export ENTITLEMENTS_DESTINATION\=Signature
[        ]     export ENTITLEMENTS_REQUIRED\=NO
[        ]     export EXCLUDED_INSTALLSRC_SUBDIRECTORY_PATTERNS\=.DS_Store\ .svn\ .git\ .hg\ CVS
[        ]     export EXCLUDED_RECURSIVE_SEARCH_PATH_SUBDIRECTORIES\=\*.nib\ \*.lproj\ \*.framework\ \*.gch\ \*.xcode\*\ \*.xcassets\ \(\*\)\ .DS_Store\ CVS\ .svn\ .git\ .hg\ \*.pbproj\ \*.pbxproj
[        ]     export EXECUTABLES_FOLDER_PATH\=macos_sandbox_bug.app/Contents/Executables
[        ]     export EXECUTABLE_FOLDER_PATH\=macos_sandbox_bug.app/Contents/MacOS
[        ]     export EXECUTABLE_FOLDER_PATH_SHALLOW_BUNDLE_NO\=macos_sandbox_bug.app/Contents/MacOS
[        ]     export EXECUTABLE_FOLDER_PATH_SHALLOW_BUNDLE_YES\=macos_sandbox_bug.app/Contents
[        ]     export EXECUTABLE_NAME\=macos_sandbox_bug
[        ]     export EXECUTABLE_PATH\=macos_sandbox_bug.app/Contents/MacOS/macos_sandbox_bug
[        ]     export EXPANDED_CODE_SIGN_IDENTITY\=-
[        ]     export EXPANDED_CODE_SIGN_IDENTITY_NAME\=-
[        ]     export EXTENSIONS_FOLDER_PATH\=macos_sandbox_bug.app/Contents/Extensions
[        ]     export FILE_LIST\=/Users/gaetan/dev/macos_sandbox_bug/build/macos/Build/Intermediates.noindex/Runner.build/Debug/Runner.build/Objects/LinkFileList
[        ]     export FIXED_FILES_DIR\=/Users/gaetan/dev/macos_sandbox_bug/build/macos/Build/Intermediates.noindex/Runner.build/Debug/Runner.build/FixedFiles
[        ]     export FLUTTER_APPLICATION_PATH\=/Users/gaetan/dev/macos_sandbox_bug
[        ]     export FLUTTER_BUILD_DIR\=build
[        ]     export FLUTTER_BUILD_NAME\=1.0.0
[        ]     export FLUTTER_BUILD_NUMBER\=1
[        ]     export FLUTTER_ROOT\=/Users/gaetan/fvm/versions/stable
[        ]     export FLUTTER_TARGET\=/Users/gaetan/dev/macos_sandbox_bug/lib/main.dart
[        ]     export FRAMEWORKS_FOLDER_PATH\=macos_sandbox_bug.app/Contents/Frameworks
[        ]     export FRAMEWORK_FLAG_PREFIX\=-framework
[        ]     export FRAMEWORK_SEARCH_PATHS\=/Users/gaetan/dev/macos_sandbox_bug/build/macos/Build/Products/Debug\ \ \"/Users/gaetan/dev/macos_sandbox_bug/build/macos/Build/Products/Debug/device_calendar\"
[        ]     export FRAMEWORK_VERSION\=A
[        ]     export FULL_PRODUCT_NAME\=macos_sandbox_bug.app
[        ]     export FUSE_BUILD_PHASES\=YES
[        ]     export FUSE_BUILD_SCRIPT_PHASES\=NO
[        ]     export GCC3_VERSION\=3.3
[        ]     export GCC_C_LANGUAGE_STANDARD\=gnu11
[        ]     export GCC_DYNAMIC_NO_PIC\=NO
[        ]     export GCC_INLINES_ARE_PRIVATE_EXTERN\=YES
[        ]     export GCC_NO_COMMON_BLOCKS\=YES
[        ]     export GCC_OPTIMIZATION_LEVEL\=0
[        ]     export GCC_PFE_FILE_C_DIALECTS\=c\ objective-c\ c++\ objective-c++
[        ]     export GCC_PREPROCESSOR_DEFINITIONS\=DEBUG\=1\ \ COCOAPODS\=1
[        ]     export GCC_SYMBOLS_PRIVATE_EXTERN\=NO
[        ]     export GCC_TREAT_WARNINGS_AS_ERRORS\=NO
[        ]     export GCC_VERSION\=com.apple.compilers.llvm.clang.1_0
[        ]     export GCC_VERSION_IDENTIFIER\=com_apple_compilers_llvm_clang_1_0
[        ]     export GCC_WARN_64_TO_32_BIT_CONVERSION\=YES
[        ]     export GCC_WARN_ABOUT_RETURN_TYPE\=YES_ERROR
[        ]     export GCC_WARN_SHADOW\=YES
[        ]     export GCC_WARN_STRICT_SELECTOR_MATCH\=YES
[        ]     export GCC_WARN_UNDECLARED_SELECTOR\=YES
[        ]     export GCC_WARN_UNINITIALIZED_AUTOS\=YES_AGGRESSIVE
[        ]     export GCC_WARN_UNUSED_FUNCTION\=YES
[        ]     export GCC_WARN_UNUSED_VARIABLE\=YES
[        ]     export GENERATED_MODULEMAP_DIR\=/Users/gaetan/dev/macos_sandbox_bug/build/macos/Build/Intermediates.noindex/GeneratedModuleMaps
[        ]     export GENERATE_INFOPLIST_FILE\=NO
[        ]     export GENERATE_MASTER_OBJECT_FILE\=NO
[        ]     export GENERATE_PKGINFO_FILE\=YES
[        ]     export GENERATE_PROFILING_CODE\=NO
[        ]     export GENERATE_TEXT_BASED_STUBS\=NO
[        ]     export GID\=20
[        ]     export GROUP\=staff
[        ]     export HEADERMAP_INCLUDES_FLAT_ENTRIES_FOR_TARGET_BEING_BUILT\=YES
[        ]     export HEADERMAP_INCLUDES_FRAMEWORK_ENTRIES_FOR_ALL_PRODUCT_TYPES\=YES
[        ]     export HEADERMAP_INCLUDES_NONPUBLIC_NONPRIVATE_HEADERS\=YES
[        ]     export HEADERMAP_INCLUDES_PROJECT_HEADERS\=YES
[        ]     export HEADERMAP_USES_FRAMEWORK_PREFIX_ENTRIES\=YES
[        ]     export HEADERMAP_USES_VFS\=NO
[        ]     export HEADER_SEARCH_PATHS\=/Users/gaetan/dev/macos_sandbox_bug/build/macos/Build/Products/Debug/include\ \ \"/Users/gaetan/dev/macos_sandbox_bug/build/macos/Build/Products/Debug/device_calendar/device_calendar.framework/Headers\"
[        ]     export HIDE_BITCODE_SYMBOLS\=YES
[        ]     export HOME\=/Users/gaetan
[        ]     export HOST_PLATFORM\=macosx
[        ]     export ICONV\=/usr/bin/iconv
[        ]     export INFOPLIST_EXPAND_BUILD_SETTINGS\=YES
[        ]     export INFOPLIST_FILE\=Runner/Info.plist
[        ]     export INFOPLIST_OUTPUT_FORMAT\=same-as-input
[        ]     export INFOPLIST_PATH\=macos_sandbox_bug.app/Contents/Info.plist
[        ]     export INFOPLIST_PREPROCESS\=NO
[        ]     export INFOSTRINGS_PATH\=macos_sandbox_bug.app/Contents/Resources/en.lproj/InfoPlist.strings
[        ]     export INLINE_PRIVATE_FRAMEWORKS\=NO
[        ]     export INSTALLHDRS_COPY_PHASE\=NO
[        ]     export INSTALLHDRS_SCRIPT_PHASE\=NO
[        ]     export INSTALL_DIR\=/tmp/Runner.dst/Applications
[        ]     export INSTALL_GROUP\=staff
[        ]     export INSTALL_MODE_FLAG\=u+w,go-w,a+rX
[        ]     export INSTALL_OWNER\=gaetan
[        ]     export INSTALL_PATH\=/Applications
[        ]     export INSTALL_ROOT\=/tmp/Runner.dst
[        ]     export IOS_UNZIPPERED_TWIN_PREFIX_PATH\=/System/iOSSupport
[        ]     export IS_MACCATALYST\=NO
[        ]     export IS_UIKITFORMAC\=NO
[        ]     export JAVAC_DEFAULT_FLAGS\=-J-Xms64m\ -J-XX:NewSize\=4M\ -J-Dfile.encoding\=UTF8
[        ]     export JAVA_APP_STUB\=/System/Library/Frameworks/JavaVM.framework/Resources/MacOS/JavaApplicationStub
[        ]     export JAVA_ARCHIVE_CLASSES\=YES
[        ]     export JAVA_ARCHIVE_TYPE\=JAR
[        ]     export JAVA_COMPILER\=/usr/bin/javac
[        ]     export JAVA_FOLDER_PATH\=macos_sandbox_bug.app/Contents/Resources/Java
[        ]     export JAVA_FRAMEWORK_RESOURCES_DIRS\=Resources
[        ]     export JAVA_JAR_FLAGS\=cv
[        ]     export JAVA_SOURCE_SUBDIR\=.
[        ]     export JAVA_USE_DEPENDENCIES\=YES
[        ]     export JAVA_ZIP_FLAGS\=-urg
[        ]     export JIKES_DEFAULT_FLAGS\=+E\ +OLDCSO
[        ]     export KASAN_CFLAGS_CLASSIC\=-DKASAN\=1\ -DKASAN_CLASSIC\=1\ -fsanitize\=address\ -mllvm\ -asan-globals-live-support\ -mllvm\ -asan-force-dynamic-shadow
[        ]     export KASAN_CFLAGS_TBI\=-DKASAN\=1\ -DKASAN_TBI\=1\ -fsanitize\=kernel-hwaddress\ -mllvm\ -hwasan-recover\=0\ -mllvm\ -hwasan-instrument-atomics\=0\ -mllvm\ -hwasan-instrument-stack\=1\ -mllvm\ -hwasan-uar-retag-to-zero\=1\ -mllvm\ -hwasan-generate-tags-with-calls\=1\ -mllvm\ -hwasan-instrument-with-calls\=1\ -mllvm\ -hwasan-use-short-granules\=0\ \ -mllvm\ -hwasan-memory-access-callback-prefix\=__asan_
[        ]     export KASAN_DEFAULT_CFLAGS\=-DKASAN\=1\ -DKASAN_CLASSIC\=1\ -fsanitize\=address\ -mllvm\ -asan-globals-live-support\ -mllvm\ -asan-force-dynamic-shadow
[        ]     export KEEP_PRIVATE_EXTERNS\=NO
[        ]     export LD_DEPENDENCY_INFO_FILE\=/Users/gaetan/dev/macos_sandbox_bug/build/macos/Build/Intermediates.noindex/Runner.build/Debug/Runner.build/Objects-normal/undefined_arch/macos_sandbox_bug_dependency_info.dat
[        ]     export LD_GENERATE_MAP_FILE\=NO
[        ]     export LD_MAP_FILE_PATH\=/Users/gaetan/dev/macos_sandbox_bug/build/macos/Build/Intermediates.noindex/Runner.build/Debug/Runner.build/macos_sandbox_bug-LinkMap-normal-undefined_arch.txt
[        ]     export LD_NO_PIE\=NO
[        ]     export LD_QUOTE_LINKER_ARGUMENTS_FOR_COMPILER_DRIVER\=YES
[        ]     export LD_RUNPATH_SEARCH_PATHS\=\ /usr/lib/swift\ \'@executable_path/../Frameworks\'\ \'@loader_path/Frameworks\'\ \"/Applications/Xcode-14.2.0-release-candidate.app/Contents/Developer/Toolchains/XcodeDefault.xctoolchain/usr/lib/swift/macosx\"\ @executable_path/../Frameworks
[        ]     export LD_RUNPATH_SEARCH_PATHS_YES\=@loader_path/../Frameworks
[        ]     export LEGACY_DEVELOPER_DIR\=/Applications/Xcode-14.2.0-release-candidate.app/Contents/PlugIns/Xcode3Core.ideplugin/Contents/SharedSupport/Developer
[        ]     export LEX\=lex
[        ]     export LIBRARY_DEXT_INSTALL_PATH\=/Library/DriverExtensions
[        ]     export LIBRARY_FLAG_NOSPACE\=YES
[        ]     export LIBRARY_FLAG_PREFIX\=-l
[        ]     export LIBRARY_KEXT_INSTALL_PATH\=/Library/Extensions
[        ]     export LIBRARY_SEARCH_PATHS\=/Users/gaetan/dev/macos_sandbox_bug/build/macos/Build/Products/Debug\ /Applications/Xcode-14.2.0-release-candidate.app/Contents/Developer/Toolchains/XcodeDefault.xctoolchain/usr/lib/swift/macosx\ /Applications/Xcode-14.2.0-release-candidate.app/Contents/Developer/Platforms/MacOSX.platform/Developer/SDKs/MacOSX13.1.sdk/usr/lib/swift
[        ]     export LINKER_DISPLAYS_MANGLED_NAMES\=NO
[        ]     export LINK_FILE_LIST_normal_arm64\=/Users/gaetan/dev/macos_sandbox_bug/build/macos/Build/Intermediates.noindex/Runner.build/Debug/Runner.build/Objects-normal/arm64/macos_sandbox_bug.LinkFileList
[        ]     export LINK_OBJC_RUNTIME\=YES
[        ]     export LINK_WITH_STANDARD_LIBRARIES\=YES
[        ]     export LLVM_TARGET_TRIPLE_OS_VERSION\=macos10.15
[        ]     export LLVM_TARGET_TRIPLE_OS_VERSION_NO\=macos10.15
[        ]     export LLVM_TARGET_TRIPLE_OS_VERSION_YES\=macos13.1
[        ]     export LLVM_TARGET_TRIPLE_VENDOR\=apple
[        ]     export LOCALIZATION_EXPORT_SUPPORTED\=YES
[        ]     export LOCALIZED_RESOURCES_FOLDER_PATH\=macos_sandbox_bug.app/Contents/Resources/en.lproj
[        ]     export LOCALIZED_STRING_MACRO_NAMES\=NSLocalizedString\ CFCopyLocalizedString
[        ]     export LOCALIZED_STRING_SWIFTUI_SUPPORT\=YES
[        ]     export LOCAL_ADMIN_APPS_DIR\=/Applications/Utilities
[        ]     export LOCAL_APPS_DIR\=/Applications
[        ]     export LOCAL_DEVELOPER_DIR\=/Library/Developer
[        ]     export LOCAL_LIBRARY_DIR\=/Library
[        ]     export LOCROOT\=/Users/gaetan/dev/macos_sandbox_bug/macos
[        ]     export LOCSYMROOT\=/Users/gaetan/dev/macos_sandbox_bug/macos
[        ]     export MACH_O_TYPE\=mh_execute
[        ]     export MACOSX_DEPLOYMENT_TARGET\=10.15
[        ]     export MAC_OS_X_PRODUCT_BUILD_VERSION\=22D68
[        ]     export MAC_OS_X_VERSION_ACTUAL\=130201
[        ]     export MAC_OS_X_VERSION_MAJOR\=130000
[        ]     export MAC_OS_X_VERSION_MINOR\=130200
[        ]     export METAL_LIBRARY_FILE_BASE\=default
[        ]     export METAL_LIBRARY_OUTPUT_DIR\=/Users/gaetan/dev/macos_sandbox_bug/build/macos/Build/Products/Debug/macos_sandbox_bug.app/Contents/Resources
[        ]     export MODULES_FOLDER_PATH\=macos_sandbox_bug.app/Contents/Modules
[        ]     export MODULE_CACHE_DIR\=/Users/gaetan/dev/macos_sandbox_bug/build/macos/ModuleCache.noindex
[        ]     export MTL_ENABLE_DEBUG_INFO\=YES
[        ]     export NATIVE_ARCH\=arm64
[        ]     export NATIVE_ARCH_32_BIT\=arm
[        ]     export NATIVE_ARCH_64_BIT\=arm64
[        ]     export NATIVE_ARCH_ACTUAL\=arm64
[        ]     export NO_COMMON\=YES
[        ]     export OBJECT_FILE_DIR\=/Users/gaetan/dev/macos_sandbox_bug/build/macos/Build/Intermediates.noindex/Runner.build/Debug/Runner.build/Objects
[        ]     export OBJECT_FILE_DIR_normal\=/Users/gaetan/dev/macos_sandbox_bug/build/macos/Build/Intermediates.noindex/Runner.build/Debug/Runner.build/Objects-normal
[        ]     export OBJROOT\=/Users/gaetan/dev/macos_sandbox_bug/build/macos/Build/Intermediates.noindex
[        ]     export ONLY_ACTIVE_ARCH\=YES
[        ]     export OS\=MACOS
[        ]     export OSAC\=/usr/bin/osacompile
[        ]     export OTHER_LDFLAGS\=\ -framework\ \"device_calendar\"
[        ]     export OTHER_SWIFT_FLAGS\=\ -D\ COCOAPODS
[        ]     export PACKAGE_CONFIG\=/Users/gaetan/dev/macos_sandbox_bug/.dart_tool/package_config.json
[        ]     export PACKAGE_TYPE\=com.apple.package-type.wrapper.application
[        ]     export PASCAL_STRINGS\=YES
[        ]     export PATH\=/Applications/Xcode-14.2.0-release-candidate.app/Contents/Developer/Toolchains/XcodeDefault.xctoolchain/usr/bin:/Applications/Xcode-14.2.0-release-candidate.app/Contents/Developer/Toolchains/XcodeDefault.xctoolchain/usr/appleinternal/bin:/Applications/Xcode-14.2.0-release-candidate.app/Contents/Developer/Toolchains/XcodeDefault.xctoolchain/usr/local/bin:/Applications/Xcode-14.2.0-release-candidate.app/Contents/Developer/Toolchains/XcodeDefault.xctoolchain/usr/libexec:/Applications/Xcode-14.2.0-release-candidate.app/Contents/Developer/Platforms/MacOSX.platform/usr/bin:/Applications/Xcode-14.2.0-release-candidate.app/Contents/Developer/Platforms/MacOSX.platform/usr/appleinternal/bin:/Applications/Xcode-14.2.0-release-candidate.app/Contents/Developer/Platforms/MacOSX.platform/usr/local/bin:/Applications/Xcode-14.2.0-release-candidate.app/Contents/Developer/Platforms/MacOSX.platform/Developer/usr/bin:/Applications/Xcode-14.2.0-release-candidate.app/Contents/Developer/Platforms/MacOSX.platform/Developer/usr/local/bin:/Applications/Xcode-14.2.0-release-candidate.app/Contents/Developer/usr/bin:/Applications/Xcode-14.2.0-release-candidate.app/Contents/Developer/usr/local/bin:/Users/gaetan/fvm/default/bin:/Users/gaetan/.zvm/default:/opt/homebrew/opt/node@18/bin:/opt/homebrew/bin:/usr/local/bin:/System/Cryptexes/App/usr/bin:/usr/bin:/bin:/usr/sbin:/sbin:/Library/Apple/usr/bin:/opt/devkitpro/tools/bin:/Library/TeX/texbin:/Applications/kitty.app/Contents/MacOS
[        ]     export PATH_PREFIXES_EXCLUDED_FROM_HEADER_DEPENDENCIES\=/usr/include\ /usr/local/include\ /System/Library/Frameworks\ /System/Library/PrivateFrameworks\ /Applications/Xcode-14.2.0-release-candidate.app/Contents/Developer/Headers\ /Applications/Xcode-14.2.0-release-candidate.app/Contents/Developer/SDKs\ /Applications/Xcode-14.2.0-release-candidate.app/Contents/Developer/Platforms
[        ]     export PBDEVELOPMENTPLIST_PATH\=macos_sandbox_bug.app/Contents/pbdevelopment.plist
[        ]     export PER_ARCH_OBJECT_FILE_DIR\=/Users/gaetan/dev/macos_sandbox_bug/build/macos/Build/Intermediates.noindex/Runner.build/Debug/Runner.build/Objects-normal/undefined_arch
[        ]     export PER_VARIANT_OBJECT_FILE_DIR\=/Users/gaetan/dev/macos_sandbox_bug/build/macos/Build/Intermediates.noindex/Runner.build/Debug/Runner.build/Objects-normal
[        ]     export PKGINFO_FILE_PATH\=/Users/gaetan/dev/macos_sandbox_bug/build/macos/Build/Intermediates.noindex/Runner.build/Debug/Runner.build/PkgInfo
[        ]     export PKGINFO_PATH\=macos_sandbox_bug.app/Contents/PkgInfo
[        ]     export PLATFORM_DEVELOPER_APPLICATIONS_DIR\=/Applications/Xcode-14.2.0-release-candidate.app/Contents/Developer/Applications
[        ]     export PLATFORM_DEVELOPER_BIN_DIR\=/Applications/Xcode-14.2.0-release-candidate.app/Contents/Developer/usr/bin
[        ]     export PLATFORM_DEVELOPER_LIBRARY_DIR\=/Applications/Xcode-14.2.0-release-candidate.app/Contents/Developer/Library
[        ]     export PLATFORM_DEVELOPER_SDK_DIR\=/Applications/Xcode-14.2.0-release-candidate.app/Contents/Developer/Platforms/MacOSX.platform/Developer/SDKs
[        ]     export PLATFORM_DEVELOPER_TOOLS_DIR\=/Applications/Xcode-14.2.0-release-candidate.app/Contents/Developer/Tools
[        ]     export PLATFORM_DEVELOPER_USR_DIR\=/Applications/Xcode-14.2.0-release-candidate.app/Contents/Developer/usr
[        ]     export PLATFORM_DIR\=/Applications/Xcode-14.2.0-release-candidate.app/Contents/Developer/Platforms/MacOSX.platform
[        ]     export PLATFORM_DISPLAY_NAME\=macOS
[        ]     export PLATFORM_FAMILY_NAME\=macOS
[        ]     export PLATFORM_NAME\=macosx
[        ]     export PLATFORM_PREFERRED_ARCH\=x86_64
[        ]     export PLATFORM_PRODUCT_BUILD_VERSION\=14C18
[        ]     export PLIST_FILE_OUTPUT_FORMAT\=same-as-input
[        ]     export PLUGINS_FOLDER_PATH\=macos_sandbox_bug.app/Contents/PlugIns
[        ]     export PODS_BUILD_DIR\=/Users/gaetan/dev/macos_sandbox_bug/build/macos/Build/Products
[        ]     export PODS_CONFIGURATION_BUILD_DIR\=/Users/gaetan/dev/macos_sandbox_bug/build/macos/Build/Products/Debug
[        ]     export PODS_PODFILE_DIR_PATH\=/Users/gaetan/dev/macos_sandbox_bug/macos/.
[        ]     export PODS_ROOT\=/Users/gaetan/dev/macos_sandbox_bug/macos/Pods
[        ]     export PODS_XCFRAMEWORKS_BUILD_DIR\=/Users/gaetan/dev/macos_sandbox_bug/build/macos/Build/Products/Debug/XCFrameworkIntermediates
[        ]     export PRECOMPS_INCLUDE_HEADERS_FROM_BUILT_PRODUCTS_DIR\=YES
[        ]     export PRECOMP_DESTINATION_DIR\=/Users/gaetan/dev/macos_sandbox_bug/build/macos/Build/Intermediates.noindex/Runner.build/Debug/Runner.build/PrefixHeaders
[        ]     export PRESERVE_DEAD_CODE_INITS_AND_TERMS\=NO
[        ]     export PRIVATE_HEADERS_FOLDER_PATH\=macos_sandbox_bug.app/Contents/PrivateHeaders
[        ]     export PRODUCT_BUNDLE_IDENTIFIER\=com.example.macosSandboxBug
[        ]     export PRODUCT_BUNDLE_PACKAGE_TYPE\=APPL
[        ]     export PRODUCT_COPYRIGHT\=Copyright\ \ 2023\ com.example.\ All\ rights\ reserved.
[        ]     export PRODUCT_MODULE_NAME\=macos_sandbox_bug
[        ]     export PRODUCT_NAME\=macos_sandbox_bug
[        ]     export PRODUCT_SETTINGS_PATH\=/Users/gaetan/dev/macos_sandbox_bug/macos/Runner/Info.plist
[        ]     export PRODUCT_TYPE\=com.apple.product-type.application
[        ]     export PROFILING_CODE\=NO
[        ]     export PROJECT\=Runner
[        ]     export PROJECT_DERIVED_FILE_DIR\=/Users/gaetan/dev/macos_sandbox_bug/build/macos/Build/Intermediates.noindex/Runner.build/DerivedSources
[        ]     export PROJECT_DIR\=/Users/gaetan/dev/macos_sandbox_bug/macos
[        ]     export PROJECT_FILE_PATH\=/Users/gaetan/dev/macos_sandbox_bug/macos/Runner.xcodeproj
[        ]     export PROJECT_NAME\=Runner
[        ]     export PROJECT_TEMP_DIR\=/Users/gaetan/dev/macos_sandbox_bug/build/macos/Build/Intermediates.noindex/Runner.build
[        ]     export PROJECT_TEMP_ROOT\=/Users/gaetan/dev/macos_sandbox_bug/build/macos/Build/Intermediates.noindex
[        ]     export PROVISIONING_PROFILE_REQUIRED\=NO
[        ]     export PROVISIONING_PROFILE_REQUIRED_YES_YES\=YES
[        ]     export PROVISIONING_PROFILE_SUPPORTED\=YES
[        ]     export PUBLIC_HEADERS_FOLDER_PATH\=macos_sandbox_bug.app/Contents/Headers
[        ]     export RECOMMENDED_MACOSX_DEPLOYMENT_TARGET\=10.14.6
[        ]     export RECURSIVE_SEARCH_PATHS_FOLLOW_SYMLINKS\=YES
[        ]     export REMOVE_CVS_FROM_RESOURCES\=YES
[        ]     export REMOVE_GIT_FROM_RESOURCES\=YES
[        ]     export REMOVE_HEADERS_FROM_EMBEDDED_BUNDLES\=YES
[        ]     export REMOVE_HG_FROM_RESOURCES\=YES
[        ]     export REMOVE_SVN_FROM_RESOURCES\=YES
[        ]     export REZ_COLLECTOR_DIR\=/Users/gaetan/dev/macos_sandbox_bug/build/macos/Build/Intermediates.noindex/Runner.build/Debug/Runner.build/ResourceManagerResources
[        ]     export REZ_OBJECTS_DIR\=/Users/gaetan/dev/macos_sandbox_bug/build/macos/Build/Intermediates.noindex/Runner.build/Debug/Runner.build/ResourceManagerResources/Objects
[        ]     export REZ_SEARCH_PATHS\=/Users/gaetan/dev/macos_sandbox_bug/build/macos/Build/Products/Debug\ 
[        ]     export SCAN_ALL_SOURCE_FILES_FOR_INCLUDES\=NO
[        ]     export SCRIPTS_FOLDER_PATH\=macos_sandbox_bug.app/Contents/Resources/Scripts
[        ]     export SCRIPT_INPUT_FILE_COUNT\=0
[        ]     export SCRIPT_INPUT_FILE_LIST_COUNT\=0
[        ]     export SCRIPT_OUTPUT_FILE_COUNT\=0
[        ]     export SCRIPT_OUTPUT_FILE_LIST_COUNT\=0
[        ]     export SDKROOT\=/Applications/Xcode-14.2.0-release-candidate.app/Contents/Developer/Platforms/MacOSX.platform/Developer/SDKs/MacOSX13.1.sdk
[        ]     export SDK_DIR\=/Applications/Xcode-14.2.0-release-candidate.app/Contents/Developer/Platforms/MacOSX.platform/Developer/SDKs/MacOSX13.1.sdk
[        ]     export SDK_DIR_macosx\=/Applications/Xcode-14.2.0-release-candidate.app/Contents/Developer/Platforms/MacOSX.platform/Developer/SDKs/MacOSX13.1.sdk
[        ]     export SDK_DIR_macosx13_1\=/Applications/Xcode-14.2.0-release-candidate.app/Contents/Developer/Platforms/MacOSX.platform/Developer/SDKs/MacOSX13.1.sdk
[        ]     export SDK_NAME\=macosx13.1
[        ]     export SDK_NAMES\=macosx13.1
[        ]     export SDK_PRODUCT_BUILD_VERSION\=22C55
[        ]     export SDK_VERSION\=13.1
[        ]     export SDK_VERSION_ACTUAL\=130100
[        ]     export SDK_VERSION_MAJOR\=130000
[        ]     export SDK_VERSION_MINOR\=130100
[        ]     export SED\=/usr/bin/sed
[        ]     export SEPARATE_STRIP\=NO
[        ]     export SEPARATE_SYMBOL_EDIT\=NO
[        ]     export SET_DIR_MODE_OWNER_GROUP\=YES
[        ]     export SET_FILE_MODE_OWNER_GROUP\=NO
[        ]     export SHALLOW_BUNDLE\=NO
[        ]     export SHALLOW_BUNDLE_PLATFORM\=NO
[        ]     export SHALLOW_BUNDLE_TRIPLE\=macos
[        ]     export SHALLOW_BUNDLE_ios_macabi\=NO
[        ]     export SHALLOW_BUNDLE_macos\=NO
[        ]     export SHARED_DERIVED_FILE_DIR\=/Users/gaetan/dev/macos_sandbox_bug/build/macos/Build/Products/Debug/DerivedSources
[        ]     export SHARED_FRAMEWORKS_FOLDER_PATH\=macos_sandbox_bug.app/Contents/SharedFrameworks
[        ]     export SHARED_PRECOMPS_DIR\=/Users/gaetan/dev/macos_sandbox_bug/build/macos/Build/Intermediates.noindex/PrecompiledHeaders
[        ]     export SHARED_SUPPORT_FOLDER_PATH\=macos_sandbox_bug.app/Contents/SharedSupport
[        ]     export SKIP_INSTALL\=NO
[        ]     export SOURCE_ROOT\=/Users/gaetan/dev/macos_sandbox_bug/macos
[        ]     export SRCROOT\=/Users/gaetan/dev/macos_sandbox_bug/macos
[        ]     export STRINGSDATA_DIR\=/Users/gaetan/dev/macos_sandbox_bug/build/macos/Build/Intermediates.noindex/Runner.build/Debug/Runner.build/Objects-normal/undefined_arch
[        ]     export STRINGSDATA_ROOT\=/Users/gaetan/dev/macos_sandbox_bug/build/macos/Build/Intermediates.noindex/Runner.build/Debug/Runner.build
[        ]     export STRINGS_FILE_INFOPLIST_RENAME\=YES
[        ]     export STRINGS_FILE_OUTPUT_ENCODING\=UTF-16
[        ]     export STRIP_BITCODE_FROM_COPIED_FILES\=NO
[        ]     export STRIP_INSTALLED_PRODUCT\=NO
[        ]     export STRIP_PNG_TEXT\=NO
[        ]     export STRIP_STYLE\=all
[        ]     export STRIP_SWIFT_SYMBOLS\=YES
[        ]     export SUPPORTED_PLATFORMS\=macosx
[        ]     export SUPPORTS_MACCATALYST\=NO
[        ]     export SUPPORTS_ON_DEMAND_RESOURCES\=NO
[        ]     export SUPPORTS_TEXT_BASED_API\=NO
[        ]     export SWIFT_ACTIVE_COMPILATION_CONDITIONS\=DEBUG
[        ]     export SWIFT_EMIT_LOC_STRINGS\=NO
[        ]     export SWIFT_OPTIMIZATION_LEVEL\=-Onone
[        ]     export SWIFT_PLATFORM_TARGET_PREFIX\=macos
[        ]     export SWIFT_RESPONSE_FILE_PATH_normal_arm64\=/Users/gaetan/dev/macos_sandbox_bug/build/macos/Build/Intermediates.noindex/Runner.build/Debug/Runner.build/Objects-normal/arm64/macos_sandbox_bug.SwiftFileList
[        ]     export SWIFT_VERSION\=5.0
[        ]     export SYMROOT\=/Users/gaetan/dev/macos_sandbox_bug/build/macos/Build/Products
[        ]     export SYSTEM_ADMIN_APPS_DIR\=/Applications/Utilities
[        ]     export SYSTEM_APPS_DIR\=/Applications
[        ]     export SYSTEM_CORE_SERVICES_DIR\=/System/Library/CoreServices
[        ]     export SYSTEM_DEMOS_DIR\=/Applications/Extras
[        ]     export SYSTEM_DEVELOPER_APPS_DIR\=/Applications/Xcode-14.2.0-release-candidate.app/Contents/Developer/Applications
[        ]     export SYSTEM_DEVELOPER_BIN_DIR\=/Applications/Xcode-14.2.0-release-candidate.app/Contents/Developer/usr/bin
[        ]     export SYSTEM_DEVELOPER_DEMOS_DIR\=/Applications/Xcode-14.2.0-release-candidate.app/Contents/Developer/Applications/Utilities/Built\ Examples
[        ]     export SYSTEM_DEVELOPER_DIR\=/Applications/Xcode-14.2.0-release-candidate.app/Contents/Developer
[        ]     export SYSTEM_DEVELOPER_DOC_DIR\=/Applications/Xcode-14.2.0-release-candidate.app/Contents/Developer/ADC\ Reference\ Library
[        ]     export SYSTEM_DEVELOPER_GRAPHICS_TOOLS_DIR\=/Applications/Xcode-14.2.0-release-candidate.app/Contents/Developer/Applications/Graphics\ Tools
[        ]     export SYSTEM_DEVELOPER_JAVA_TOOLS_DIR\=/Applications/Xcode-14.2.0-release-candidate.app/Contents/Developer/Applications/Java\ Tools
[        ]     export SYSTEM_DEVELOPER_PERFORMANCE_TOOLS_DIR\=/Applications/Xcode-14.2.0-release-candidate.app/Contents/Developer/Applications/Performance\ Tools
[        ]     export SYSTEM_DEVELOPER_RELEASENOTES_DIR\=/Applications/Xcode-14.2.0-release-candidate.app/Contents/Developer/ADC\ Reference\ Library/releasenotes
[        ]     export SYSTEM_DEVELOPER_TOOLS\=/Applications/Xcode-14.2.0-release-candidate.app/Contents/Developer/Tools
[        ]     export SYSTEM_DEVELOPER_TOOLS_DOC_DIR\=/Applications/Xcode-14.2.0-release-candidate.app/Contents/Developer/ADC\ Reference\ Library/documentation/DeveloperTools
[        ]     export SYSTEM_DEVELOPER_TOOLS_RELEASENOTES_DIR\=/Applications/Xcode-14.2.0-release-candidate.app/Contents/Developer/ADC\ Reference\ Library/releasenotes/DeveloperTools
[        ]     export SYSTEM_DEVELOPER_USR_DIR\=/Applications/Xcode-14.2.0-release-candidate.app/Contents/Developer/usr
[        ]     export SYSTEM_DEVELOPER_UTILITIES_DIR\=/Applications/Xcode-14.2.0-release-candidate.app/Contents/Developer/Applications/Utilities
[        ]     export SYSTEM_DEXT_INSTALL_PATH\=/System/Library/DriverExtensions
[        ]     export SYSTEM_DOCUMENTATION_DIR\=/Library/Documentation
[        ]     export SYSTEM_EXTENSIONS_FOLDER_PATH\=macos_sandbox_bug.app/Contents/Library/SystemExtensions
[        ]     export SYSTEM_EXTENSIONS_FOLDER_PATH_SHALLOW_BUNDLE_NO\=macos_sandbox_bug.app/Contents/Library/SystemExtensions
[        ]     export SYSTEM_EXTENSIONS_FOLDER_PATH_SHALLOW_BUNDLE_YES\=macos_sandbox_bug.app/Contents/SystemExtensions
[        ]     export SYSTEM_KEXT_INSTALL_PATH\=/System/Library/Extensions
[        ]     export SYSTEM_LIBRARY_DIR\=/System/Library
[        ]     export TAPI_ENABLE_PROJECT_HEADERS\=NO
[        ]     export TAPI_VERIFY_MODE\=ErrorsOnly
[        ]     export TARGETNAME\=Runner
[        ]     export TARGET_BUILD_DIR\=/Users/gaetan/dev/macos_sandbox_bug/build/macos/Build/Products/Debug
[        ]     export TARGET_NAME\=Runner
[        ]     export TARGET_TEMP_DIR\=/Users/gaetan/dev/macos_sandbox_bug/build/macos/Build/Intermediates.noindex/Runner.build/Debug/Runner.build
[        ]     export TEMP_DIR\=/Users/gaetan/dev/macos_sandbox_bug/build/macos/Build/Intermediates.noindex/Runner.build/Debug/Runner.build
[        ]     export TEMP_FILES_DIR\=/Users/gaetan/dev/macos_sandbox_bug/build/macos/Build/Intermediates.noindex/Runner.build/Debug/Runner.build
[        ]     export TEMP_FILE_DIR\=/Users/gaetan/dev/macos_sandbox_bug/build/macos/Build/Intermediates.noindex/Runner.build/Debug/Runner.build
[        ]     export TEMP_ROOT\=/Users/gaetan/dev/macos_sandbox_bug/build/macos/Build/Intermediates.noindex
[        ]     export TEST_FRAMEWORK_SEARCH_PATHS\=\ /Applications/Xcode-14.2.0-release-candidate.app/Contents/Developer/Platforms/MacOSX.platform/Developer/Library/Frameworks
[        ]     export TEST_LIBRARY_SEARCH_PATHS\=\ /Applications/Xcode-14.2.0-release-candidate.app/Contents/Developer/Platforms/MacOSX.platform/Developer/usr/lib
[        ]     export TOOLCHAINS\=com.apple.dt.toolchain.XcodeDefault
[        ]     export TOOLCHAIN_DIR\=/Applications/Xcode-14.2.0-release-candidate.app/Contents/Developer/Toolchains/XcodeDefault.xctoolchain
[        ]     export TRACK_WIDGET_CREATION\=true
[        ]     export TREAT_MISSING_BASELINES_AS_TEST_FAILURES\=NO
[        ]     export TREE_SHAKE_ICONS\=false
[        ]     export UID\=501
[        ]     export UNLOCALIZED_RESOURCES_FOLDER_PATH\=macos_sandbox_bug.app/Contents/Resources
[        ]     export UNLOCALIZED_RESOURCES_FOLDER_PATH_SHALLOW_BUNDLE_NO\=macos_sandbox_bug.app/Contents/Resources
[        ]     export UNLOCALIZED_RESOURCES_FOLDER_PATH_SHALLOW_BUNDLE_YES\=macos_sandbox_bug.app/Contents
[        ]     export UNSTRIPPED_PRODUCT\=NO
[        ]     export USER\=gaetan
[        ]     export USER_APPS_DIR\=/Users/gaetan/Applications
[        ]     export USER_LIBRARY_DIR\=/Users/gaetan/Library
[        ]     export USE_DYNAMIC_NO_PIC\=YES
[        ]     export USE_HEADERMAP\=YES
[        ]     export USE_HEADER_SYMLINKS\=NO
[        ]     export USE_LLVM_TARGET_TRIPLES\=YES
[        ]     export USE_LLVM_TARGET_TRIPLES_FOR_CLANG\=YES
[        ]     export USE_LLVM_TARGET_TRIPLES_FOR_LD\=YES
[        ]     export USE_LLVM_TARGET_TRIPLES_FOR_TAPI\=YES
[        ]     export USE_RECURSIVE_SCRIPT_INPUTS_IN_SCRIPT_PHASES\=YES
[        ]     export VALIDATE_DEVELOPMENT_ASSET_PATHS\=YES_ERROR
[        ]     export VALIDATE_PRODUCT\=NO
[        ]     export VALID_ARCHS\=arm64\ arm64e\ i386\ x86_64
[        ]     export VERBOSE_PBXCP\=NO
[        ]     export VERBOSE_SCRIPT_LOGGING\=YES
[        ]     export VERSIONPLIST_PATH\=macos_sandbox_bug.app/Contents/version.plist
[        ]     export VERSION_INFO_BUILDER\=gaetan
[        ]     export VERSION_INFO_FILE\=macos_sandbox_bug_vers.c
[        ]     export VERSION_INFO_STRING\=\"@\(\#\)PROGRAM:macos_sandbox_bug\ \ PROJECT:Runner-\"
[        ]     export WARNING_CFLAGS\=-Wall\ -Wconditional-uninitialized\ -Wnullable-to-nonnull-conversion\ -Wmissing-method-return-type\ -Woverlength-strings
[        ]     export WRAPPER_EXTENSION\=app
[        ]     export WRAPPER_NAME\=macos_sandbox_bug.app
[        ]     export WRAPPER_SUFFIX\=.app
[        ]     export WRAP_ASSET_PACKS_IN_SEPARATE_DIRECTORIES\=NO
[        ]     export XCODE_APP_SUPPORT_DIR\=/Applications/Xcode-14.2.0-release-candidate.app/Contents/Developer/Library/Xcode
[        ]     export XCODE_PRODUCT_BUILD_VERSION\=14C18
[        ]     export XCODE_VERSION_ACTUAL\=1420
[        ]     export XCODE_VERSION_MAJOR\=1400
[        ]     export XCODE_VERSION_MINOR\=1420
[        ]     export XPCSERVICES_FOLDER_PATH\=macos_sandbox_bug.app/Contents/XPCServices
[        ]     export YACC\=yacc
[        ]     export _BOOL_\=NO
[        ]     export _BOOL_NO\=NO
[        ]     export _BOOL_YES\=YES
[        ]     export _DEVELOPMENT_TEAM_IS_EMPTY\=YES
[        ]     export _IS_EMPTY_\=YES
[        ]     export _MACOSX_DEPLOYMENT_TARGET_IS_EMPTY\=NO
[        ]     export _WRAPPER_CONTENTS_DIR\=/Contents
[        ]     export _WRAPPER_CONTENTS_DIR_SHALLOW_BUNDLE_NO\=/Contents
[        ]     export _WRAPPER_PARENT_PATH\=/..
[        ]     export _WRAPPER_PARENT_PATH_SHALLOW_BUNDLE_NO\=/..
[        ]     export _WRAPPER_RESOURCES_DIR\=/Resources
[        ]     export _WRAPPER_RESOURCES_DIR_SHALLOW_BUNDLE_NO\=/Resources
[        ]     export __IS_NOT_MACOS\=NO
[        ]     export __IS_NOT_MACOS_macosx\=NO
[        ]     export __IS_NOT_SIMULATOR\=YES
[        ]     export __IS_NOT_SIMULATOR_simulator\=NO
[        ]     export arch\=undefined_arch
[        ]     export variant\=normal
[        ]     /bin/sh -c /Users/gaetan/dev/macos_sandbox_bug/build/macos/Build/Intermediates.noindex/Runner.build/Debug/Runner.build/Script-3399D490228B24CF009A79C7.sh
[        ]  mkdir -p -- /Users/gaetan/dev/macos_sandbox_bug/build/macos/Build/Products/Debug/macos_sandbox_bug.app/Contents/Frameworks
[        ]  rsync -av --delete --filter - .DS_Store /Users/gaetan/dev/macos_sandbox_bug/build/macos/Build/Products/Debug/App.framework /Users/gaetan/dev/macos_sandbox_bug/build/macos/Build/Products/Debug/macos_sandbox_bug.app/Contents/Frameworks
[   +1 ms] building file list ... done
[   +1 ms] deleting App.framework/Versions/A/_CodeSignature/CodeResources
[        ] deleting App.framework/Versions/A/_CodeSignature/
[        ] App.framework/Versions/A/
[        ] App.framework/Versions/A/App
[        ] sent 17478 bytes  received 48 bytes  35052.00 bytes/sec
[        ] total size is 43920554  speedup is 2506.02
[        ]  rsync -av --delete --filter - .DS_Store --filter - Headers --filter - Modules /Users/gaetan/dev/macos_sandbox_bug/build/macos/Build/Products/Debug/FlutterMacOS.framework /Users/gaetan/dev/macos_sandbox_bug/build/macos/Build/Products/Debug/macos_sandbox_bug.app/Contents/Frameworks/
[   +3 ms] building file list ... done
[   +1 ms] FlutterMacOS.framework/Versions/A/
[        ] FlutterMacOS.framework/Versions/A/FlutterMacOS
[ +108 ms] FlutterMacOS.framework/Versions/A/_CodeSignature/CodeResources
[   +3 ms] sent 46344509 bytes  received 70 bytes  92689158.00 bytes/sec
[        ] total size is 47156247  speedup is 1.02
[        ]  codesign --force --verbose --sign - -- /Users/gaetan/dev/macos_sandbox_bug/build/macos/Build/Products/Debug/macos_sandbox_bug.app/Contents/Frameworks/App.framework/App
[   +5 ms] /Users/gaetan/dev/macos_sandbox_bug/build/macos/Build/Products/Debug/macos_sandbox_bug.app/Contents/Frameworks/App.framework/App: replacing existing signature
[  +93 ms] /Users/gaetan/dev/macos_sandbox_bug/build/macos/Build/Products/Debug/macos_sandbox_bug.app/Contents/Frameworks/App.framework/App: signed bundle with Mach-O thin (arm64) [io.flutter.flutter.app]
[   +3 ms]  codesign --force --verbose --sign - -- /Users/gaetan/dev/macos_sandbox_bug/build/macos/Build/Products/Debug/macos_sandbox_bug.app/Contents/Frameworks/FlutterMacOS.framework/FlutterMacOS
[  +11 ms] /Users/gaetan/dev/macos_sandbox_bug/build/macos/Build/Products/Debug/macos_sandbox_bug.app/Contents/Frameworks/FlutterMacOS.framework/FlutterMacOS: replacing existing signature
[ +109 ms] /Users/gaetan/dev/macos_sandbox_bug/build/macos/Build/Products/Debug/macos_sandbox_bug.app/Contents/Frameworks/FlutterMacOS.framework/FlutterMacOS: signed bundle with Mach-O universal (arm64) [io.flutter.flutter-macos]
[   +4 ms] CopySwiftLibs /Users/gaetan/dev/macos_sandbox_bug/build/macos/Build/Products/Debug/macos_sandbox_bug.app (in target 'Runner' from project 'Runner')
[        ]     cd /Users/gaetan/dev/macos_sandbox_bug/macos
[        ]     builtin-swiftStdLibTool --copy --verbose --sign - --scan-executable /Users/gaetan/dev/macos_sandbox_bug/build/macos/Build/Products/Debug/macos_sandbox_bug.app/Contents/MacOS/macos_sandbox_bug --scan-folder /Users/gaetan/dev/macos_sandbox_bug/build/macos/Build/Products/Debug/macos_sandbox_bug.app/Contents/Frameworks --scan-folder /Users/gaetan/dev/macos_sandbox_bug/build/macos/Build/Products/Debug/macos_sandbox_bug.app/Contents/PlugIns --scan-folder /Users/gaetan/dev/macos_sandbox_bug/build/macos/Build/Products/Debug/macos_sandbox_bug.app/Contents/Library/SystemExtensions --scan-folder /Users/gaetan/dev/macos_sandbox_bug/build/macos/Build/Products/Debug/macos_sandbox_bug.app/Contents/Extensions --scan-folder /Users/gaetan/dev/macos_sandbox_bug/build/macos/Build/Products/Debug/Pods_Runner.framework --platform macosx --toolchain /Applications/Xcode-14.2.0-release-candidate.app/Contents/Developer/Toolchains/XcodeDefault.xctoolchain --destination /Users/gaetan/dev/macos_sandbox_bug/build/macos/Build/Products/Debug/macos_sandbox_bug.app/Contents/Frameworks --strip-bitcode --strip-bitcode-tool /Applications/Xcode-14.2.0-release-candidate.app/Contents/Developer/Toolchains/XcodeDefault.xctoolchain/usr/bin/bitcode_strip --emit-dependency-info /Users/gaetan/dev/macos_sandbox_bug/build/macos/Build/Intermediates.noindex/Runner.build/Debug/Runner.build/SwiftStdLibToolInputDependencies.dep --filter-for-swift-os --back-deploy-swift-concurrency
[  +54 ms] ExtractAppIntentsMetadata (in target 'Runner' from project 'Runner')
[        ]     cd /Users/gaetan/dev/macos_sandbox_bug/macos
[        ]     /Applications/Xcode-14.2.0-release-candidate.app/Contents/Developer/usr/bin/appintentsmetadataprocessor --output /Users/gaetan/dev/macos_sandbox_bug/build/macos/Build/Products/Debug/macos_sandbox_bug.app/Contents/Resources --toolchain-dir /Applications/Xcode-14.2.0-release-candidate.app/Contents/Developer/Toolchains/XcodeDefault.xctoolchain --module-name macos_sandbox_bug --source-files /Users/gaetan/dev/macos_sandbox_bug/macos/Runner/MainFlutterWindow.swift /Users/gaetan/dev/macos_sandbox_bug/macos/Runner/AppDelegate.swift /Users/gaetan/dev/macos_sandbox_bug/macos/Flutter/GeneratedPluginRegistrant.swift --sdk-root /Applications/Xcode-14.2.0-release-candidate.app/Contents/Developer/Platforms/MacOSX.platform/Developer/SDKs/MacOSX13.1.sdk --target-triple arm64-apple-macos10.15 --binary-file /Users/gaetan/dev/macos_sandbox_bug/build/macos/Build/Products/Debug/macos_sandbox_bug.app/Contents/MacOS/macos_sandbox_bug --dependency-file /Users/gaetan/dev/macos_sandbox_bug/build/macos/Build/Intermediates.noindex/Runner.build/Debug/Runner.build/Objects-normal/arm64/macos_sandbox_bug_dependency_info.dat --stringsdata-file /Users/gaetan/dev/macos_sandbox_bug/build/macos/Build/Intermediates.noindex/Runner.build/Debug/Runner.build/Objects-normal/arm64/ExtractedAppShortcutsMetadata.stringsdata
[        ] note: Metadata extraction skipped. No AppIntents.framework dependency found. (in target 'Runner' from project 'Runner')
[        ] CodeSign /Users/gaetan/dev/macos_sandbox_bug/build/macos/Build/Products/Debug/macos_sandbox_bug.app (in target 'Runner' from project 'Runner')
[        ]     cd /Users/gaetan/dev/macos_sandbox_bug/macos
[        ]     Signing Identity:     "-"
[        ]     /usr/bin/codesign --force --sign - --entitlements /Users/gaetan/dev/macos_sandbox_bug/build/macos/Build/Intermediates.noindex/Runner.build/Debug/Runner.build/macos_sandbox_bug.app.xcent --timestamp\=none --generate-entitlement-der /Users/gaetan/dev/macos_sandbox_bug/build/macos/Build/Products/Debug/macos_sandbox_bug.app
[  +14 ms] Validate /Users/gaetan/dev/macos_sandbox_bug/build/macos/Build/Products/Debug/macos_sandbox_bug.app (in target 'Runner' from project 'Runner')
[        ]     cd /Users/gaetan/dev/macos_sandbox_bug/macos
[        ]     builtin-validationUtility /Users/gaetan/dev/macos_sandbox_bug/build/macos/Build/Products/Debug/macos_sandbox_bug.app -no-validate-extension
[        ] RegisterWithLaunchServices /Users/gaetan/dev/macos_sandbox_bug/build/macos/Build/Products/Debug/macos_sandbox_bug.app (in target 'Runner' from project 'Runner')
[        ]     cd /Users/gaetan/dev/macos_sandbox_bug/macos
[        ]     /System/Library/Frameworks/CoreServices.framework/Versions/Current/Frameworks/LaunchServices.framework/Versions/Current/Support/lsregister -f -R -trusted /Users/gaetan/dev/macos_sandbox_bug/build/macos/Build/Products/Debug/macos_sandbox_bug.app
[  +18 ms] ** BUILD SUCCEEDED **
[  +11 ms] Building macOS application... (completed in 2,886ms)
[   +1 ms] executing: /usr/bin/plutil -convert xml1 -o - /Users/gaetan/dev/macos_sandbox_bug/build/macos/Build/Products/Debug/macos_sandbox_bug.app/Contents/Info.plist
[   +5 ms] Exit code 0 from: /usr/bin/plutil -convert xml1 -o - /Users/gaetan/dev/macos_sandbox_bug/build/macos/Build/Products/Debug/macos_sandbox_bug.app/Contents/Info.plist
[        ] <?xml version="1.0" encoding="UTF-8"?>
           <!DOCTYPE plist PUBLIC "-//Apple//DTD PLIST 1.0//EN" "http://www.apple.com/DTDs/PropertyList-1.0.dtd">
           <plist version="1.0">
           <dict>
           	<key>BuildMachineOSBuild</key>
           	<string>22D68</string>
           	<key>CFBundleDevelopmentRegion</key>
           	<string>en</string>
           	<key>CFBundleExecutable</key>
           	<string>macos_sandbox_bug</string>
           	<key>CFBundleIconFile</key>
           	<string>AppIcon</string>
           	<key>CFBundleIconName</key>
           	<string>AppIcon</string>
           	<key>CFBundleIdentifier</key>
           	<string>com.example.macosSandboxBug</string>
           	<key>CFBundleInfoDictionaryVersion</key>
           	<string>6.0</string>
           	<key>CFBundleName</key>
           	<string>macos_sandbox_bug</string>
           	<key>CFBundlePackageType</key>
           	<string>APPL</string>
           	<key>CFBundleShortVersionString</key>
           	<string>1.0.0</string>
           	<key>CFBundleSupportedPlatforms</key>
           	<array>
           		<string>MacOSX</string>
           	</array>
           	<key>CFBundleVersion</key>
           	<string>1</string>
           	<key>DTCompiler</key>
           	<string>com.apple.compilers.llvm.clang.1_0</string>
           	<key>DTPlatformBuild</key>
           	<string>14C18</string>
           	<key>DTPlatformName</key>
           	<string>macosx</string>
           	<key>DTPlatformVersion</key>
           	<string>13.1</string>
           	<key>DTSDKBuild</key>
           	<string>22C55</string>
           	<key>DTSDKName</key>
           	<string>macosx13.1</string>
           	<key>DTXcode</key>
           	<string>1420</string>
           	<key>DTXcodeBuild</key>
           	<string>14C18</string>
           	<key>LSMinimumSystemVersion</key>
           	<string>10.15</string>
           	<key>NSCalendarsUsageDescription</key>
           	<string>Needed</string>
           	<key>NSHumanReadableCopyright</key>
           	<string>Copyright  2023 com.example. All rights reserved.</string>
           	<key>NSMainNibFile</key>
           	<string>MainMenu</string>
           	<key>NSPrincipalClass</key>
           	<string>NSApplication</string>
           </dict>
           </plist>
[ +530 ms] Observatory URL on device: http://127.0.0.1:58950/q56BxgHLTGw=/
[   +2 ms] Caching compiled dill
[  +14 ms] Connecting to service protocol: http://127.0.0.1:58950/q56BxgHLTGw=/
[  +72 ms] Launching a Dart Developer Service (DDS) instance at http://127.0.0.1:0, connecting to VM service at http://127.0.0.1:58950/q56BxgHLTGw=/.
[  +33 ms] DDS is listening at http://127.0.0.1:58953/ItPPoDO2-Ho=/.
[  +23 ms] Successfully connected to service protocol: http://127.0.0.1:58950/q56BxgHLTGw=/
[  +12 ms] DevFS: Creating new filesystem on the device (null)
[   +7 ms] DevFS: Created new filesystem on the device (file:///var/folders/08/3vvx__9d4jv19m03yxt25pkm0000gn/T/com.example.macosSandboxBug/macos_sandbox_bug6s81IK/macos_sandbox_bug/)
[        ] Updating assets
[  +35 ms] Syncing files to device macOS...
[   +1 ms] Compiling dart to kernel with 0 updated files
[        ] Processing bundle.
[        ] <- recompile package:macos_sandbox_bug/main.dart 46b0dcb4-0978-40be-b4bd-a7b98941fb0e
[        ] <- 46b0dcb4-0978-40be-b4bd-a7b98941fb0e
[        ] Bundle processing done.
[  +47 ms] Updating files.
[        ] DevFS: Sync finished
[        ] Syncing files to device macOS... (completed in 49ms)
[        ] Synced 0.0MB.
[        ] <- accept
[   +1 ms] Connected to _flutterView/0x13581a420.
[   +1 ms] Flutter run key commands.
[        ] r Hot reload. 
[        ] R Hot restart.
[        ] h List all available interactive commands.
[        ] d Detach (terminate "flutter run" but leave application running).
[        ] c Clear the screen
[        ] q Quit (terminate the application on the device).
[        ]  Running with sound null safety 
[        ] An Observatory debugger and profiler on macOS is available at: http://127.0.0.1:58953/ItPPoDO2-Ho=/
[ +223 ms] flutter: Instance of 'Result<bool>'
[   +3 ms] The Flutter DevTools debugger and profiler on macOS is available at: http://127.0.0.1:9102?uri=http://127.0.0.1:58953/ItPPoDO2-Ho=/
[  +25 ms] flutter: INVOKE_CHANNEL_METHOD_ERROR: PlatformException(401, The user has not allowed this application to modify their calendar(s), null, null)
[        ] flutter: #0      StandardMethodCodec.decodeEnvelope (package:flutter/src/services/message_codecs.dart:653:7)
[        ] flutter: #1      MethodChannel._invokeMethod (package:flutter/src/services/platform_channel.dart:315:18)
[        ] flutter: <asynchronous suspension>
[        ] flutter: #2      DeviceCalendarPlugin._invokeChannelMethod (package:device_calendar/src/device_calendar.dart:361:21)
[        ] flutter: <asynchronous suspension>
[        ] flutter: #3      _MyHomePageState.init (package:macos_sandbox_bug/main.dart:46:19)
[        ] flutter: <asynchronous suspension>
[        ] flutter: 
[        ] [ERROR:flutter/runtime/dart_vm_initializer.cc(41)] Unhandled Exception: Null check operator used on a null value
[        ] #0      _MyHomePageState.init (package:macos_sandbox_bug/main.dart:48:28)
[        ] <asynchronous suspension>
[+9119 ms] Service protocol connection closed.
[        ] Lost connection to device.
[        ] DevFS: Deleting filesystem on the device (file:///var/folders/08/3vvx__9d4jv19m03yxt25pkm0000gn/T/com.example.macosSandboxBug/macos_sandbox_bug6s81IK/macos_sandbox_bug/)
[ +252 ms] Ignored error while cleaning up DevFS: TimeoutException after 0:00:00.250000: Future not completed
[   +1 ms] "flutter run" took 14,434ms.
[  +37 ms] ensureAnalyticsSent: 36ms
[        ] Running 1 shutdown hook
[   +2 ms] Shutdown hooks complete
[        ] exiting with code 0
